                     DATE/TIME                   MESSAGE/VARIABLE                               DATA
  11-12-2023 21:28:41:540:150                Created dronepidfifo                                 -
  11-12-2023 21:28:42:302:111                 Opened dronepidfifo                                 -
  11-12-2023 21:28:42:302:156                           Drone PID                              19936
  11-12-2023 21:28:42:302:190                 Opened sem_watchdog                                 -
  11-12-2023 21:28:42:302:213                 Opened shm_watchdog                                 -
  11-12-2023 21:28:42:302:305               received watchdog pid                                 -
  11-12-2023 21:28:42:302:328                        Watchdog PID                              19958
  11-12-2023 21:28:42:302:348               Opened keypressedfifo                                 -
  11-12-2023 21:28:42:302:383                   Opened sem_window                                 -
  11-12-2023 21:28:42:302:529                   Opened shm_window                                 -
  11-12-2023 21:28:42:302:576                    Opened sem_drone                                 -
  11-12-2023 21:28:42:302:605                    Opened shm_drone                                 -
  11-12-2023 21:28:42:312:795                            keyvalue                                  0
  11-12-2023 21:28:42:312:956                           droneMaxY                                  0
   11-12-2023 21:28:42:313:27                           droneMaxX                                  0
   11-12-2023 21:28:42:313:93                      DronePositionY                                 15
  11-12-2023 21:28:42:313:154                      DronePositionY                                 15
  11-12-2023 21:28:42:313:213                              ForceY                                  0
  11-12-2023 21:28:42:313:272                              forceX                                  0
  11-12-2023 21:28:42:313:351                 Sent dronepos to UI                                 -
  11-12-2023 21:28:42:413:653                            keyvalue                                 -1
  11-12-2023 21:28:42:413:798                           droneMaxY                                 26
  11-12-2023 21:28:42:413:862                           droneMaxX                                 76
  11-12-2023 21:28:42:413:922                      DronePositionY                                 15
  11-12-2023 21:28:42:413:983                      DronePositionY                                 15
   11-12-2023 21:28:42:414:41                              ForceY                                  0
  11-12-2023 21:28:42:414:100                              forceX                                  0
  11-12-2023 21:28:42:414:161                 Sent dronepos to UI                                 -
  11-12-2023 21:28:42:514:405                            keyvalue                                 -1
  11-12-2023 21:28:42:514:499                           droneMaxY                                 26
  11-12-2023 21:28:42:514:567                           droneMaxX                                 76
  11-12-2023 21:28:42:514:662                      DronePositionY                                 15
  11-12-2023 21:28:42:514:724                      DronePositionY                                 15
  11-12-2023 21:28:42:514:782                              ForceY                                  0
  11-12-2023 21:28:42:514:840                              forceX                                  0
  11-12-2023 21:28:42:514:898                 Sent dronepos to UI                                 -
  11-12-2023 21:28:42:615:130                            keyvalue                                 -1
  11-12-2023 21:28:42:615:279                           droneMaxY                                 26
  11-12-2023 21:28:42:615:390                           droneMaxX                                 76
  11-12-2023 21:28:42:615:496                      DronePositionY                                 15
  11-12-2023 21:28:42:615:635                      DronePositionY                                 15
  11-12-2023 21:28:42:615:731                              ForceY                                  0
  11-12-2023 21:28:42:615:829                              forceX                                  0
  11-12-2023 21:28:42:615:926                 Sent dronepos to UI                                 -
  11-12-2023 21:28:42:718:323                            keyvalue                                 -1
  11-12-2023 21:28:42:718:455                           droneMaxY                                 26
  11-12-2023 21:28:42:718:575                           droneMaxX                                 76
  11-12-2023 21:28:42:718:698                      DronePositionY                                 15
  11-12-2023 21:28:42:718:817                      DronePositionY                                 15
  11-12-2023 21:28:42:718:924                              ForceY                                  0
   11-12-2023 21:28:42:719:29                              forceX                                  0
  11-12-2023 21:28:42:719:127                 Sent dronepos to UI                                 -
   11-12-2023 21:28:42:824:47                            keyvalue                                 -1
  11-12-2023 21:28:42:824:192                           droneMaxY                                 26
  11-12-2023 21:28:42:824:312                           droneMaxX                                 76
  11-12-2023 21:28:42:824:430                      DronePositionY                                 15
  11-12-2023 21:28:42:824:541                      DronePositionY                                 15
  11-12-2023 21:28:42:824:652                              ForceY                                  0
  11-12-2023 21:28:42:824:758                              forceX                                  0
  11-12-2023 21:28:42:824:860                 Sent dronepos to UI                                 -
  11-12-2023 21:28:42:929:629                            keyvalue                                 -1
  11-12-2023 21:28:42:929:813                           droneMaxY                                 26
  11-12-2023 21:28:42:929:935                           droneMaxX                                 76
   11-12-2023 21:28:42:930:51                      DronePositionY                                 15
  11-12-2023 21:28:42:930:167                      DronePositionY                                 15
  11-12-2023 21:28:42:930:274                              ForceY                                  0
  11-12-2023 21:28:42:930:380                              forceX                                  0
  11-12-2023 21:28:42:930:487                 Sent dronepos to UI                                 -
   11-12-2023 21:28:43:35:117                            keyvalue                                 -1
   11-12-2023 21:28:43:35:262                           droneMaxY                                 26
   11-12-2023 21:28:43:35:382                           droneMaxX                                 76
   11-12-2023 21:28:43:35:498                      DronePositionY                                 15
   11-12-2023 21:28:43:35:618                      DronePositionY                                 15
   11-12-2023 21:28:43:35:723                              ForceY                                  0
   11-12-2023 21:28:43:35:823                              forceX                                  0
   11-12-2023 21:28:43:35:930                 Sent dronepos to UI                                 -
  11-12-2023 21:28:43:140:953                            keyvalue                                 -1
   11-12-2023 21:28:43:141:89                           droneMaxY                                 26
  11-12-2023 21:28:43:141:209                           droneMaxX                                 76
  11-12-2023 21:28:43:141:325                      DronePositionY                                 15
  11-12-2023 21:28:43:141:442                      DronePositionY                                 15
  11-12-2023 21:28:43:141:582                              ForceY                                  0
  11-12-2023 21:28:43:141:726                              forceX                                  0
  11-12-2023 21:28:43:141:840                 Sent dronepos to UI                                 -
  11-12-2023 21:28:43:246:386                            keyvalue                                 -1
  11-12-2023 21:28:43:246:515                           droneMaxY                                 26
  11-12-2023 21:28:43:246:623                           droneMaxX                                 76
  11-12-2023 21:28:43:246:730                      DronePositionY                                 15
  11-12-2023 21:28:43:246:837                      DronePositionY                                 15
  11-12-2023 21:28:43:246:934                              ForceY                                  0
   11-12-2023 21:28:43:247:25                              forceX                                  0
  11-12-2023 21:28:43:247:115                 Sent dronepos to UI                                 -
  11-12-2023 21:28:43:351:444                            keyvalue                                 -1
  11-12-2023 21:28:43:351:581                           droneMaxY                                 26
  11-12-2023 21:28:43:351:700                           droneMaxX                                 76
  11-12-2023 21:28:43:351:818                      DronePositionY                                 15
  11-12-2023 21:28:43:351:937                      DronePositionY                                 15
   11-12-2023 21:28:43:352:42                              ForceY                                  0
  11-12-2023 21:28:43:352:148                              forceX                                  0
  11-12-2023 21:28:43:352:250                 Sent dronepos to UI                                 -
   11-12-2023 21:28:43:457:20                            keyvalue                                 -1
  11-12-2023 21:28:43:457:160                           droneMaxY                                 26
  11-12-2023 21:28:43:457:281                           droneMaxX                                 76
  11-12-2023 21:28:43:457:402                      DronePositionY                                 15
  11-12-2023 21:28:43:457:519                      DronePositionY                                 15
  11-12-2023 21:28:43:457:627                              ForceY                                  0
  11-12-2023 21:28:43:457:795                              forceX                                  0
  11-12-2023 21:28:43:457:898                 Sent dronepos to UI                                 -
  11-12-2023 21:28:43:562:531                            keyvalue                                 -1
  11-12-2023 21:28:43:562:677                           droneMaxY                                 26
  11-12-2023 21:28:43:562:810                           droneMaxX                                 76
  11-12-2023 21:28:43:562:936                      DronePositionY                                 15
   11-12-2023 21:28:43:563:67                      DronePositionY                                 15
  11-12-2023 21:28:43:563:183                              ForceY                                  0
  11-12-2023 21:28:43:563:302                              forceX                                  0
  11-12-2023 21:28:43:563:405                 Sent dronepos to UI                                 -
  11-12-2023 21:28:43:668:301                            keyvalue                                 -1
  11-12-2023 21:28:43:668:443                           droneMaxY                                 26
  11-12-2023 21:28:43:668:564                           droneMaxX                                 76
  11-12-2023 21:28:43:668:678                      DronePositionY                                 15
  11-12-2023 21:28:43:668:794                      DronePositionY                                 15
  11-12-2023 21:28:43:668:933                              ForceY                                  0
   11-12-2023 21:28:43:669:41                              forceX                                  0
  11-12-2023 21:28:43:669:144                 Sent dronepos to UI                                 -
  11-12-2023 21:28:43:769:426                            keyvalue                                100
  11-12-2023 21:28:43:769:524                           droneMaxY                                 26
  11-12-2023 21:28:43:769:587                           droneMaxX                                 76
  11-12-2023 21:28:43:769:647                      DronePositionY                                 15
  11-12-2023 21:28:43:769:761                      DronePositionY                                 15
  11-12-2023 21:28:43:769:819                              ForceY                                  0
  11-12-2023 21:28:43:769:879                              forceX                                  0
  11-12-2023 21:28:43:769:938                 Sent dronepos to UI                                 -
  11-12-2023 21:28:43:870:155                            keyvalue                                 -1
  11-12-2023 21:28:43:870:289                           droneMaxY                                 26
  11-12-2023 21:28:43:870:390                           droneMaxX                                 76
  11-12-2023 21:28:43:870:493                      DronePositionY                                 15
  11-12-2023 21:28:43:870:591                      DronePositionY                                 15
  11-12-2023 21:28:43:870:686                              ForceY                                  0
  11-12-2023 21:28:43:870:782                              forceX                                  1
  11-12-2023 21:28:43:870:882                 Sent dronepos to UI                                 -
  11-12-2023 21:28:43:971:529                            keyvalue                                100
  11-12-2023 21:28:43:971:645                           droneMaxY                                 26
  11-12-2023 21:28:43:971:716                           droneMaxX                                 76
  11-12-2023 21:28:43:971:782                      DronePositionY                                 15
  11-12-2023 21:28:43:971:851                      DronePositionY                                 15
  11-12-2023 21:28:43:971:921                              ForceY                                  0
  11-12-2023 21:28:43:971:990                              forceX                                  1
   11-12-2023 21:28:43:972:58                 Sent dronepos to UI                                 -
   11-12-2023 21:28:44:72:659                            keyvalue                                 -1
   11-12-2023 21:28:44:72:780                           droneMaxY                                 26
   11-12-2023 21:28:44:72:851                           droneMaxX                                 76
   11-12-2023 21:28:44:72:917                      DronePositionY                                 15
   11-12-2023 21:28:44:72:986                      DronePositionY                                 15
    11-12-2023 21:28:44:73:55                              ForceY                                  0
   11-12-2023 21:28:44:73:122                              forceX                                  2
   11-12-2023 21:28:44:73:187                 Sent dronepos to UI                                 -
  11-12-2023 21:28:44:173:928                            keyvalue                                 -1
   11-12-2023 21:28:44:174:51                           droneMaxY                                 26
  11-12-2023 21:28:44:174:124                           droneMaxX                                 76
  11-12-2023 21:28:44:174:190                      DronePositionY                                 15
  11-12-2023 21:28:44:174:259                      DronePositionY                                 15
  11-12-2023 21:28:44:174:329                              ForceY                                  0
  11-12-2023 21:28:44:174:430                              forceX                                  2
  11-12-2023 21:28:44:174:500                 Sent dronepos to UI                                 -
   11-12-2023 21:28:44:275:39                            keyvalue                                 -1
  11-12-2023 21:28:44:275:160                           droneMaxY                                 26
  11-12-2023 21:28:44:275:231                           droneMaxX                                 76
  11-12-2023 21:28:44:275:296                      DronePositionY                                 15
  11-12-2023 21:28:44:275:371                      DronePositionY                                 15
  11-12-2023 21:28:44:275:437                              ForceY                                  0
  11-12-2023 21:28:44:275:505                              forceX                                  2
  11-12-2023 21:28:44:275:571                 Sent dronepos to UI                                 -
  11-12-2023 21:28:44:375:983                            keyvalue                                 -1
  11-12-2023 21:28:44:376:101                           droneMaxY                                 26
  11-12-2023 21:28:44:376:174                           droneMaxX                                 76
  11-12-2023 21:28:44:376:240                      DronePositionY                                 15
  11-12-2023 21:28:44:376:310                      DronePositionY                                 15
  11-12-2023 21:28:44:376:377                              ForceY                                  0
  11-12-2023 21:28:44:376:445                              forceX                                  2
  11-12-2023 21:28:44:376:513                 Sent dronepos to UI                                 -
  11-12-2023 21:28:44:476:968                            keyvalue                                 -1
   11-12-2023 21:28:44:477:89                           droneMaxY                                 26
  11-12-2023 21:28:44:477:163                           droneMaxX                                 76
  11-12-2023 21:28:44:477:229                      DronePositionY                                 15
  11-12-2023 21:28:44:477:298                      DronePositionY                                 15
  11-12-2023 21:28:44:477:363                              ForceY                                  0
  11-12-2023 21:28:44:477:431                              forceX                                  2
  11-12-2023 21:28:44:477:496                 Sent dronepos to UI                                 -
   11-12-2023 21:28:44:578:71                            keyvalue                                 -1
  11-12-2023 21:28:44:578:119                           droneMaxY                                 26
  11-12-2023 21:28:44:578:143                           droneMaxX                                 76
  11-12-2023 21:28:44:578:167                      DronePositionY                                 15
  11-12-2023 21:28:44:578:190                      DronePositionY                                 15
  11-12-2023 21:28:44:578:213                              ForceY                                  0
  11-12-2023 21:28:44:578:238                              forceX                                  2
  11-12-2023 21:28:44:578:261                 Sent dronepos to UI                                 -
  11-12-2023 21:28:44:678:923                            keyvalue                                 -1
   11-12-2023 21:28:44:679:46                           droneMaxY                                 26
  11-12-2023 21:28:44:679:117                           droneMaxX                                 76
  11-12-2023 21:28:44:679:183                      DronePositionY                                 15
  11-12-2023 21:28:44:679:261                      DronePositionY                                 15
  11-12-2023 21:28:44:679:327                              ForceY                                  0
  11-12-2023 21:28:44:679:396                              forceX                                  2
  11-12-2023 21:28:44:679:493                 Sent dronepos to UI                                 -
   11-12-2023 21:28:44:780:77                            keyvalue                                 -1
  11-12-2023 21:28:44:780:199                           droneMaxY                                 26
  11-12-2023 21:28:44:780:271                           droneMaxX                                 76
  11-12-2023 21:28:44:780:338                      DronePositionY                                 15
  11-12-2023 21:28:44:780:405                      DronePositionY                                 15
  11-12-2023 21:28:44:780:470                              ForceY                                  0
  11-12-2023 21:28:44:780:539                              forceX                                  2
  11-12-2023 21:28:44:780:607                 Sent dronepos to UI                                 -
  11-12-2023 21:28:44:881:268                            keyvalue                                 -1
  11-12-2023 21:28:44:881:390                           droneMaxY                                 26
  11-12-2023 21:28:44:881:461                           droneMaxX                                 76
  11-12-2023 21:28:44:881:527                      DronePositionY                                 15
  11-12-2023 21:28:44:881:595                      DronePositionY                                 15
  11-12-2023 21:28:44:881:697                              ForceY                                  0
  11-12-2023 21:28:44:881:775                              forceX                                  2
  11-12-2023 21:28:44:881:842                 Sent dronepos to UI                                 -
  11-12-2023 21:28:44:982:141                            keyvalue                                 -1
  11-12-2023 21:28:44:982:253                           droneMaxY                                 26
  11-12-2023 21:28:44:982:316                           droneMaxX                                 76
  11-12-2023 21:28:44:982:374                      DronePositionY                                 15
  11-12-2023 21:28:44:982:432                      DronePositionY                                 15
  11-12-2023 21:28:44:982:493                              ForceY                                  0
  11-12-2023 21:28:44:982:556                              forceX                                  2
  11-12-2023 21:28:44:982:617                 Sent dronepos to UI                                 -
   11-12-2023 21:28:45:82:872                            keyvalue                                 -1
   11-12-2023 21:28:45:82:984                           droneMaxY                                 26
    11-12-2023 21:28:45:83:82                           droneMaxX                                 76
   11-12-2023 21:28:45:83:188                      DronePositionY                                 15
   11-12-2023 21:28:45:83:280                      DronePositionY                                 16
   11-12-2023 21:28:45:83:365                              ForceY                                  0
   11-12-2023 21:28:45:83:463                              forceX                                  2
   11-12-2023 21:28:45:83:559                 Sent dronepos to UI                                 -
  11-12-2023 21:28:45:183:812                            keyvalue                                 -1
  11-12-2023 21:28:45:183:907                           droneMaxY                                 26
  11-12-2023 21:28:45:183:970                           droneMaxX                                 76
   11-12-2023 21:28:45:184:29                      DronePositionY                                 15
   11-12-2023 21:28:45:184:90                      DronePositionY                                 16
  11-12-2023 21:28:45:184:148                              ForceY                                  0
  11-12-2023 21:28:45:184:208                              forceX                                  2
  11-12-2023 21:28:45:184:295                 Sent dronepos to UI                                 -
  11-12-2023 21:28:45:284:548                            keyvalue                                 -1
  11-12-2023 21:28:45:284:642                           droneMaxY                                 26
  11-12-2023 21:28:45:284:705                           droneMaxX                                 76
  11-12-2023 21:28:45:284:764                      DronePositionY                                 15
  11-12-2023 21:28:45:284:824                      DronePositionY                                 16
  11-12-2023 21:28:45:284:882                              ForceY                                  0
  11-12-2023 21:28:45:284:940                              forceX                                  2
  11-12-2023 21:28:45:284:998                 Sent dronepos to UI                                 -
  11-12-2023 21:28:45:385:248                            keyvalue                                 -1
  11-12-2023 21:28:45:385:358                           droneMaxY                                 26
  11-12-2023 21:28:45:385:428                           droneMaxX                                 76
  11-12-2023 21:28:45:385:494                      DronePositionY                                 15
  11-12-2023 21:28:45:385:561                      DronePositionY                                 16
  11-12-2023 21:28:45:385:628                              ForceY                                  0
  11-12-2023 21:28:45:385:750                              forceX                                  2
  11-12-2023 21:28:45:385:829                 Sent dronepos to UI                                 -
  11-12-2023 21:28:45:486:129                            keyvalue                                 -1
  11-12-2023 21:28:45:486:249                           droneMaxY                                 26
  11-12-2023 21:28:45:486:320                           droneMaxX                                 76
  11-12-2023 21:28:45:486:387                      DronePositionY                                 15
  11-12-2023 21:28:45:486:456                      DronePositionY                                 16
  11-12-2023 21:28:45:486:523                              ForceY                                  0
  11-12-2023 21:28:45:486:591                              forceX                                  2
  11-12-2023 21:28:45:486:656                 Sent dronepos to UI                                 -
  11-12-2023 21:28:45:509:372                            keyvalue                                 -1
  11-12-2023 21:28:45:509:481                           droneMaxY                                 26
  11-12-2023 21:28:45:509:552                           droneMaxX                                 76
  11-12-2023 21:28:45:509:631                      DronePositionY                                 15
  11-12-2023 21:28:45:509:734                      DronePositionY                                 16
  11-12-2023 21:28:45:509:807                              ForceY                                  0
  11-12-2023 21:28:45:509:873                              forceX                                  2
  11-12-2023 21:28:45:509:942                 Sent dronepos to UI                                 -
  11-12-2023 21:28:45:614:448                            keyvalue                                 -1
  11-12-2023 21:28:45:614:549                           droneMaxY                                 26
  11-12-2023 21:28:45:614:614                           droneMaxX                                 76
  11-12-2023 21:28:45:614:675                      DronePositionY                                 15
  11-12-2023 21:28:45:614:733                      DronePositionY                                 16
  11-12-2023 21:28:45:614:793                              ForceY                                  0
  11-12-2023 21:28:45:614:852                              forceX                                  2
  11-12-2023 21:28:45:614:910                 Sent dronepos to UI                                 -
  11-12-2023 21:28:45:715:170                            keyvalue                                 -1
  11-12-2023 21:28:45:715:267                           droneMaxY                                 26
  11-12-2023 21:28:45:715:331                           droneMaxX                                 76
  11-12-2023 21:28:45:715:389                      DronePositionY                                 15
  11-12-2023 21:28:45:715:450                      DronePositionY                                 17
  11-12-2023 21:28:45:715:510                              ForceY                                  0
  11-12-2023 21:28:45:715:568                              forceX                                  2
  11-12-2023 21:28:45:715:627                 Sent dronepos to UI                                 -
   11-12-2023 21:28:45:811:66                            keyvalue                                 -1
  11-12-2023 21:28:45:811:179                           droneMaxY                                 26
  11-12-2023 21:28:45:811:251                           droneMaxX                                 76
  11-12-2023 21:28:45:811:321                      DronePositionY                                 15
  11-12-2023 21:28:45:811:387                      DronePositionY                                 17
  11-12-2023 21:28:45:811:452                              ForceY                                  0
  11-12-2023 21:28:45:811:519                              forceX                                  2
  11-12-2023 21:28:45:811:588                 Sent dronepos to UI                                 -
  11-12-2023 21:28:45:916:351                            keyvalue                                 -1
  11-12-2023 21:28:45:916:377                           droneMaxY                                 26
  11-12-2023 21:28:45:916:394                           droneMaxX                                 76
  11-12-2023 21:28:45:916:411                      DronePositionY                                 15
  11-12-2023 21:28:45:916:426                      DronePositionY                                 17
  11-12-2023 21:28:45:916:441                              ForceY                                  0
  11-12-2023 21:28:45:916:456                              forceX                                  2
  11-12-2023 21:28:45:916:473                 Sent dronepos to UI                                 -
   11-12-2023 21:28:46:16:704                            keyvalue                                 -1
   11-12-2023 21:28:46:16:841                           droneMaxY                                 26
   11-12-2023 21:28:46:16:910                           droneMaxX                                 76
   11-12-2023 21:28:46:16:972                      DronePositionY                                 15
    11-12-2023 21:28:46:17:30                      DronePositionY                                 17
    11-12-2023 21:28:46:17:89                              ForceY                                  0
   11-12-2023 21:28:46:17:147                              forceX                                  2
   11-12-2023 21:28:46:17:205                 Sent dronepos to UI                                 -
  11-12-2023 21:28:46:112:440                            keyvalue                                 -1
  11-12-2023 21:28:46:112:492                           droneMaxY                                 26
  11-12-2023 21:28:46:112:547                           droneMaxX                                 76
  11-12-2023 21:28:46:112:562                      DronePositionY                                 15
  11-12-2023 21:28:46:112:603                      DronePositionY                                 17
  11-12-2023 21:28:46:112:617                              ForceY                                  0
  11-12-2023 21:28:46:112:630                              forceX                                  2
  11-12-2023 21:28:46:112:644                 Sent dronepos to UI                                 -
  11-12-2023 21:28:46:214:227                            keyvalue                                 -1
  11-12-2023 21:28:46:214:339                           droneMaxY                                 26
  11-12-2023 21:28:46:214:411                           droneMaxX                                 76
  11-12-2023 21:28:46:214:482                      DronePositionY                                 15
  11-12-2023 21:28:46:214:550                      DronePositionY                                 18
  11-12-2023 21:28:46:214:616                              ForceY                                  0
  11-12-2023 21:28:46:214:704                              forceX                                  2
  11-12-2023 21:28:46:214:819                 Sent dronepos to UI                                 -
   11-12-2023 21:28:46:315:44                            keyvalue                                 -1
   11-12-2023 21:28:46:315:86                           droneMaxY                                 26
  11-12-2023 21:28:46:315:120                           droneMaxX                                 76
  11-12-2023 21:28:46:315:134                      DronePositionY                                 15
  11-12-2023 21:28:46:315:147                      DronePositionY                                 18
  11-12-2023 21:28:46:315:161                              ForceY                                  0
  11-12-2023 21:28:46:315:187                              forceX                                  2
  11-12-2023 21:28:46:315:221                 Sent dronepos to UI                                 -
  11-12-2023 21:28:46:414:250                            keyvalue                                 -1
  11-12-2023 21:28:46:414:362                           droneMaxY                                 26
  11-12-2023 21:28:46:414:437                           droneMaxX                                 76
  11-12-2023 21:28:46:414:506                      DronePositionY                                 15
  11-12-2023 21:28:46:414:575                      DronePositionY                                 18
  11-12-2023 21:28:46:414:647                              ForceY                                  0
  11-12-2023 21:28:46:414:716                              forceX                                  2
  11-12-2023 21:28:46:414:785                 Sent dronepos to UI                                 -
   11-12-2023 21:28:46:519:69                            keyvalue                                 -1
  11-12-2023 21:28:46:519:169                           droneMaxY                                 26
  11-12-2023 21:28:46:519:233                           droneMaxX                                 76
  11-12-2023 21:28:46:519:298                      DronePositionY                                 15
  11-12-2023 21:28:46:519:364                      DronePositionY                                 18
  11-12-2023 21:28:46:519:423                              ForceY                                  0
  11-12-2023 21:28:46:519:481                              forceX                                  2
  11-12-2023 21:28:46:519:540                 Sent dronepos to UI                                 -
  11-12-2023 21:28:46:619:735                            keyvalue                                 -1
  11-12-2023 21:28:46:619:837                           droneMaxY                                 26
  11-12-2023 21:28:46:619:901                           droneMaxX                                 76
  11-12-2023 21:28:46:619:961                      DronePositionY                                 15
   11-12-2023 21:28:46:620:21                      DronePositionY                                 18
   11-12-2023 21:28:46:620:79                              ForceY                                  0
  11-12-2023 21:28:46:620:138                              forceX                                  2
  11-12-2023 21:28:46:620:198                 Sent dronepos to UI                                 -
  11-12-2023 21:28:46:719:277                            keyvalue                                 -1
  11-12-2023 21:28:46:719:414                           droneMaxY                                 26
  11-12-2023 21:28:46:719:491                           droneMaxX                                 76
  11-12-2023 21:28:46:719:559                      DronePositionY                                 15
  11-12-2023 21:28:46:719:626                      DronePositionY                                 18
  11-12-2023 21:28:46:719:696                              ForceY                                  0
  11-12-2023 21:28:46:719:766                              forceX                                  2
  11-12-2023 21:28:46:719:832                 Sent dronepos to UI                                 -
  11-12-2023 21:28:46:828:560                            keyvalue                                 -1
  11-12-2023 21:28:46:828:671                           droneMaxY                                 26
  11-12-2023 21:28:46:828:744                           droneMaxX                                 76
  11-12-2023 21:28:46:828:815                      DronePositionY                                 15
  11-12-2023 21:28:46:828:882                      DronePositionY                                 19
  11-12-2023 21:28:46:828:953                              ForceY                                  0
   11-12-2023 21:28:46:829:21                              forceX                                  2
   11-12-2023 21:28:46:829:91                 Sent dronepos to UI                                 -
  11-12-2023 21:28:46:929:375                            keyvalue                                 -1
  11-12-2023 21:28:46:929:469                           droneMaxY                                 26
  11-12-2023 21:28:46:929:531                           droneMaxX                                 76
  11-12-2023 21:28:46:929:589                      DronePositionY                                 15
  11-12-2023 21:28:46:929:649                      DronePositionY                                 19
  11-12-2023 21:28:46:929:739                              ForceY                                  0
  11-12-2023 21:28:46:929:800                              forceX                                  2
  11-12-2023 21:28:46:929:858                 Sent dronepos to UI                                 -
   11-12-2023 21:28:47:22:263                            keyvalue                                 -1
   11-12-2023 21:28:47:22:328                           droneMaxY                                 26
   11-12-2023 21:28:47:22:371                           droneMaxX                                 76
   11-12-2023 21:28:47:22:413                      DronePositionY                                 15
   11-12-2023 21:28:47:22:453                      DronePositionY                                 19
   11-12-2023 21:28:47:22:495                              ForceY                                  0
   11-12-2023 21:28:47:22:535                              forceX                                  2
   11-12-2023 21:28:47:22:576                 Sent dronepos to UI                                 -
  11-12-2023 21:28:47:128:909                            keyvalue                                 -1
   11-12-2023 21:28:47:129:17                           droneMaxY                                 26
   11-12-2023 21:28:47:129:93                           droneMaxX                                 76
  11-12-2023 21:28:47:129:163                      DronePositionY                                 15
  11-12-2023 21:28:47:129:230                      DronePositionY                                 19
  11-12-2023 21:28:47:129:298                              ForceY                                  0
  11-12-2023 21:28:47:129:369                              forceX                                  2
  11-12-2023 21:28:47:129:437                 Sent dronepos to UI                                 -
  11-12-2023 21:28:47:229:711                            keyvalue                                 -1
  11-12-2023 21:28:47:229:809                           droneMaxY                                 26
  11-12-2023 21:28:47:229:896                           droneMaxX                                 76
  11-12-2023 21:28:47:229:957                      DronePositionY                                 15
   11-12-2023 21:28:47:230:15                      DronePositionY                                 19
   11-12-2023 21:28:47:230:73                              ForceY                                  0
  11-12-2023 21:28:47:230:132                              forceX                                  2
  11-12-2023 21:28:47:230:190                 Sent dronepos to UI                                 -
  11-12-2023 21:28:47:323:957                            keyvalue                                 -1
  11-12-2023 21:28:47:323:988                           droneMaxY                                 26
    11-12-2023 21:28:47:324:7                           droneMaxX                                 76
   11-12-2023 21:28:47:324:25                      DronePositionY                                 15
   11-12-2023 21:28:47:324:42                      DronePositionY                                 20
   11-12-2023 21:28:47:324:59                              ForceY                                  0
   11-12-2023 21:28:47:324:76                              forceX                                  2
   11-12-2023 21:28:47:324:92                 Sent dronepos to UI                                 -
  11-12-2023 21:28:47:426:340                            keyvalue                                 -1
  11-12-2023 21:28:47:426:447                           droneMaxY                                 26
  11-12-2023 21:28:47:426:521                           droneMaxX                                 76
  11-12-2023 21:28:47:426:590                      DronePositionY                                 15
  11-12-2023 21:28:47:426:663                      DronePositionY                                 20
  11-12-2023 21:28:47:426:730                              ForceY                                  0
  11-12-2023 21:28:47:426:806                              forceX                                  2
  11-12-2023 21:28:47:426:881                 Sent dronepos to UI                                 -
  11-12-2023 21:28:47:527:142                            keyvalue                                 -1
  11-12-2023 21:28:47:527:236                           droneMaxY                                 26
  11-12-2023 21:28:47:527:300                           droneMaxX                                 76
  11-12-2023 21:28:47:527:359                      DronePositionY                                 15
  11-12-2023 21:28:47:527:419                      DronePositionY                                 20
  11-12-2023 21:28:47:527:477                              ForceY                                  0
  11-12-2023 21:28:47:527:534                              forceX                                  2
  11-12-2023 21:28:47:527:594                 Sent dronepos to UI                                 -
  11-12-2023 21:28:47:623:784                            keyvalue                                 -1
  11-12-2023 21:28:47:623:899                           droneMaxY                                 26
  11-12-2023 21:28:47:623:976                           droneMaxX                                 76
   11-12-2023 21:28:47:624:45                      DronePositionY                                 15
  11-12-2023 21:28:47:624:112                      DronePositionY                                 20
  11-12-2023 21:28:47:624:179                              ForceY                                  0
  11-12-2023 21:28:47:624:249                              forceX                                  2
  11-12-2023 21:28:47:624:314                 Sent dronepos to UI                                 -
  11-12-2023 21:28:47:732:593                            keyvalue                                 -1
  11-12-2023 21:28:47:732:702                           droneMaxY                                 26
  11-12-2023 21:28:47:732:806                           droneMaxX                                 76
  11-12-2023 21:28:47:732:879                      DronePositionY                                 15
  11-12-2023 21:28:47:732:948                      DronePositionY                                 20
   11-12-2023 21:28:47:733:17                              ForceY                                  0
   11-12-2023 21:28:47:733:88                              forceX                                  2
  11-12-2023 21:28:47:733:159                 Sent dronepos to UI                                 -
  11-12-2023 21:28:47:843:714                            keyvalue                                  0
   11-12-2023 21:28:47:847:86                           droneMaxY                                 26
  11-12-2023 21:28:47:847:213                           droneMaxX                                 76
  11-12-2023 21:28:47:847:320                      DronePositionY                                 15
  11-12-2023 21:28:47:847:426                      DronePositionY                                 21
  11-12-2023 21:28:47:847:536                              ForceY                                  0
  11-12-2023 21:28:47:847:649                              forceX                                  2
  11-12-2023 21:28:47:847:767                 Sent dronepos to UI                                 -
  11-12-2023 21:28:47:918:734                            keyvalue                                 -1
  11-12-2023 21:28:47:918:868                           droneMaxY                                 26
  11-12-2023 21:28:47:918:942                           droneMaxX                                 76
   11-12-2023 21:28:47:919:57                      DronePositionY                                 15
  11-12-2023 21:28:47:919:166                      DronePositionY                                 21
  11-12-2023 21:28:47:919:241                              ForceY                                  0
  11-12-2023 21:28:47:919:343                              forceX                                  2
  11-12-2023 21:28:47:919:443                 Sent dronepos to UI                                 -
   11-12-2023 21:28:48:19:674                            keyvalue                                 -1
   11-12-2023 21:28:48:19:781                           droneMaxY                                 26
   11-12-2023 21:28:48:19:856                           droneMaxX                                 76
   11-12-2023 21:28:48:19:960                      DronePositionY                                 15
    11-12-2023 21:28:48:20:63                      DronePositionY                                 21
   11-12-2023 21:28:48:20:136                              ForceY                                  0
   11-12-2023 21:28:48:20:240                              forceX                                  2
   11-12-2023 21:28:48:20:339                 Sent dronepos to UI                                 -
  11-12-2023 21:28:48:120:561                            keyvalue                                 -1
  11-12-2023 21:28:48:120:671                           droneMaxY                                 26
  11-12-2023 21:28:48:120:746                           droneMaxX                                 76
  11-12-2023 21:28:48:120:850                      DronePositionY                                 15
  11-12-2023 21:28:48:120:953                      DronePositionY                                 21
   11-12-2023 21:28:48:121:33                              ForceY                                  0
  11-12-2023 21:28:48:121:137                              forceX                                  2
  11-12-2023 21:28:48:121:247                 Sent dronepos to UI                                 -
  11-12-2023 21:28:48:220:519                            keyvalue                                 -1
  11-12-2023 21:28:48:220:653                           droneMaxY                                 26
  11-12-2023 21:28:48:220:726                           droneMaxX                                 76
  11-12-2023 21:28:48:220:871                      DronePositionY                                 15
  11-12-2023 21:28:48:220:954                      DronePositionY                                 21
   11-12-2023 21:28:48:221:59                              ForceY                                  0
  11-12-2023 21:28:48:221:160                              forceX                                  2
  11-12-2023 21:28:48:221:230                 Sent dronepos to UI                                 -
  11-12-2023 21:28:48:321:530                            keyvalue                                 -1
  11-12-2023 21:28:48:321:676                           droneMaxY                                 26
  11-12-2023 21:28:48:321:787                           droneMaxX                                 76
  11-12-2023 21:28:48:321:857                      DronePositionY                                 15
  11-12-2023 21:28:48:321:953                      DronePositionY                                 22
   11-12-2023 21:28:48:322:45                              ForceY                                  0
  11-12-2023 21:28:48:322:113                              forceX                                  2
  11-12-2023 21:28:48:322:198                 Sent dronepos to UI                                 -
  11-12-2023 21:28:48:422:471                            keyvalue                                 -1
  11-12-2023 21:28:48:422:610                           droneMaxY                                 26
  11-12-2023 21:28:48:422:717                           droneMaxX                                 76
  11-12-2023 21:28:48:422:837                      DronePositionY                                 15
  11-12-2023 21:28:48:422:940                      DronePositionY                                 22
   11-12-2023 21:28:48:423:10                              ForceY                                  0
  11-12-2023 21:28:48:423:105                              forceX                                  2
  11-12-2023 21:28:48:423:206                 Sent dronepos to UI                                 -
  11-12-2023 21:28:48:522:450                            keyvalue                                 -1
  11-12-2023 21:28:48:522:569                           droneMaxY                                 26
  11-12-2023 21:28:48:522:633                           droneMaxX                                 76
  11-12-2023 21:28:48:522:713                      DronePositionY                                 15
  11-12-2023 21:28:48:522:807                      DronePositionY                                 22
  11-12-2023 21:28:48:522:879                              ForceY                                  0
  11-12-2023 21:28:48:522:974                              forceX                                  2
   11-12-2023 21:28:48:523:68                 Sent dronepos to UI                                 -
  11-12-2023 21:28:48:623:317                            keyvalue                                 -1
  11-12-2023 21:28:48:623:462                           droneMaxY                                 26
  11-12-2023 21:28:48:623:563                           droneMaxX                                 76
  11-12-2023 21:28:48:623:632                      DronePositionY                                 15
  11-12-2023 21:28:48:623:720                      DronePositionY                                 22
  11-12-2023 21:28:48:623:825                              ForceY                                  0
  11-12-2023 21:28:48:623:898                              forceX                                  2
  11-12-2023 21:28:48:623:990                 Sent dronepos to UI                                 -
  11-12-2023 21:28:48:724:238                            keyvalue                                 -1
  11-12-2023 21:28:48:724:398                           droneMaxY                                 26
  11-12-2023 21:28:48:724:517                           droneMaxX                                 76
  11-12-2023 21:28:48:724:650                      DronePositionY                                 15
  11-12-2023 21:28:48:724:722                      DronePositionY                                 22
  11-12-2023 21:28:48:724:825                              ForceY                                  0
  11-12-2023 21:28:48:724:924                              forceX                                  2
  11-12-2023 21:28:48:724:996                 Sent dronepos to UI                                 -
  11-12-2023 21:28:48:824:681                            keyvalue                                 -1
  11-12-2023 21:28:48:824:818                           droneMaxY                                 26
  11-12-2023 21:28:48:824:897                           droneMaxX                                 76
    11-12-2023 21:28:48:825:1                      DronePositionY                                 15
  11-12-2023 21:28:48:825:104                      DronePositionY                                 23
  11-12-2023 21:28:48:825:174                              ForceY                                  0
  11-12-2023 21:28:48:825:278                              forceX                                  2
  11-12-2023 21:28:48:825:380                 Sent dronepos to UI                                 -
  11-12-2023 21:28:48:925:629                            keyvalue                                115
  11-12-2023 21:28:48:925:773                           droneMaxY                                 26
  11-12-2023 21:28:48:925:849                           droneMaxX                                 76
  11-12-2023 21:28:48:925:957                      DronePositionY                                 15
   11-12-2023 21:28:48:926:59                      DronePositionY                                 23
  11-12-2023 21:28:48:926:137                              ForceY                                  0
  11-12-2023 21:28:48:926:235                              forceX                                  2
  11-12-2023 21:28:48:926:338                 Sent dronepos to UI                                 -
   11-12-2023 21:28:49:26:541                            keyvalue                                 -1
   11-12-2023 21:28:49:26:583                           droneMaxY                                 26
   11-12-2023 21:28:49:26:609                           droneMaxX                                 76
   11-12-2023 21:28:49:26:634                      DronePositionY                                 15
   11-12-2023 21:28:49:26:657                      DronePositionY                                 23
   11-12-2023 21:28:49:26:681                              ForceY                                  0
   11-12-2023 21:28:49:26:705                              forceX                                  0
   11-12-2023 21:28:49:26:728                 Sent dronepos to UI                                 -
  11-12-2023 21:28:49:126:411                            keyvalue                                 -1
  11-12-2023 21:28:49:126:522                           droneMaxY                                 26
  11-12-2023 21:28:49:126:594                           droneMaxX                                 76
  11-12-2023 21:28:49:126:659                      DronePositionY                                 15
  11-12-2023 21:28:49:126:725                      DronePositionY                                 23
  11-12-2023 21:28:49:126:788                              ForceY                                  0
  11-12-2023 21:28:49:126:857                              forceX                                  0
  11-12-2023 21:28:49:126:923                 Sent dronepos to UI                                 -
  11-12-2023 21:28:49:227:187                            keyvalue                                 -1
  11-12-2023 21:28:49:227:296                           droneMaxY                                 26
  11-12-2023 21:28:49:227:371                           droneMaxX                                 76
  11-12-2023 21:28:49:227:438                      DronePositionY                                 15
  11-12-2023 21:28:49:227:534                      DronePositionY                                 23
  11-12-2023 21:28:49:227:602                              ForceY                                  0
  11-12-2023 21:28:49:227:667                              forceX                                  0
  11-12-2023 21:28:49:227:734                 Sent dronepos to UI                                 -
  11-12-2023 21:28:49:327:997                            keyvalue                                 -1
  11-12-2023 21:28:49:328:102                           droneMaxY                                 26
  11-12-2023 21:28:49:328:174                           droneMaxX                                 76
  11-12-2023 21:28:49:328:245                      DronePositionY                                 15
  11-12-2023 21:28:49:328:312                      DronePositionY                                 23
  11-12-2023 21:28:49:328:381                              ForceY                                  0
  11-12-2023 21:28:49:328:450                              forceX                                  0
  11-12-2023 21:28:49:328:518                 Sent dronepos to UI                                 -
  11-12-2023 21:28:49:428:435                            keyvalue                                 -1
  11-12-2023 21:28:49:428:544                           droneMaxY                                 26
  11-12-2023 21:28:49:428:616                           droneMaxX                                 76
  11-12-2023 21:28:49:428:683                      DronePositionY                                 15
  11-12-2023 21:28:49:428:748                      DronePositionY                                 23
  11-12-2023 21:28:49:428:815                              ForceY                                  0
  11-12-2023 21:28:49:428:881                              forceX                                  0
  11-12-2023 21:28:49:428:951                 Sent dronepos to UI                                 -
  11-12-2023 21:28:49:529:221                            keyvalue                                 -1
  11-12-2023 21:28:49:529:334                           droneMaxY                                 26
  11-12-2023 21:28:49:529:407                           droneMaxX                                 76
  11-12-2023 21:28:49:529:475                      DronePositionY                                 15
  11-12-2023 21:28:49:529:545                      DronePositionY                                 24
  11-12-2023 21:28:49:529:617                              ForceY                                  0
  11-12-2023 21:28:49:529:724                              forceX                                  0
  11-12-2023 21:28:49:529:794                 Sent dronepos to UI                                 -
   11-12-2023 21:28:49:630:22                            keyvalue                                 -1
  11-12-2023 21:28:49:630:137                           droneMaxY                                 26
  11-12-2023 21:28:49:630:213                           droneMaxX                                 76
  11-12-2023 21:28:49:630:282                      DronePositionY                                 15
  11-12-2023 21:28:49:630:352                      DronePositionY                                 24
  11-12-2023 21:28:49:630:420                              ForceY                                  0
  11-12-2023 21:28:49:630:489                              forceX                                  0
  11-12-2023 21:28:49:630:559                 Sent dronepos to UI                                 -
  11-12-2023 21:28:49:730:378                            keyvalue                                 -1
  11-12-2023 21:28:49:730:489                           droneMaxY                                 26
  11-12-2023 21:28:49:730:582                           droneMaxX                                 76
  11-12-2023 21:28:49:730:648                      DronePositionY                                 15
  11-12-2023 21:28:49:730:713                      DronePositionY                                 24
  11-12-2023 21:28:49:730:807                              ForceY                                  0
  11-12-2023 21:28:49:730:874                              forceX                                  0
  11-12-2023 21:28:49:730:939                 Sent dronepos to UI                                 -
  11-12-2023 21:28:49:831:169                            keyvalue                                 -1
  11-12-2023 21:28:49:831:314                           droneMaxY                                 26
  11-12-2023 21:28:49:831:419                           droneMaxX                                 76
  11-12-2023 21:28:49:831:488                      DronePositionY                                 15
  11-12-2023 21:28:49:831:581                      DronePositionY                                 24
  11-12-2023 21:28:49:831:680                              ForceY                                  0
  11-12-2023 21:28:49:831:750                              forceX                                  0
  11-12-2023 21:28:49:831:843                 Sent dronepos to UI                                 -
   11-12-2023 21:28:49:932:89                            keyvalue                                 -1
  11-12-2023 21:28:49:932:197                           droneMaxY                                 26
  11-12-2023 21:28:49:932:273                           droneMaxX                                 76
  11-12-2023 21:28:49:932:343                      DronePositionY                                 15
  11-12-2023 21:28:49:932:415                      DronePositionY                                 24
  11-12-2023 21:28:49:932:514                              ForceY                                  0
  11-12-2023 21:28:49:932:586                              forceX                                  0
  11-12-2023 21:28:49:932:655                 Sent dronepos to UI                                 -
   11-12-2023 21:28:50:32:424                            keyvalue                                 -1
   11-12-2023 21:28:50:32:564                           droneMaxY                                 26
   11-12-2023 21:28:50:32:669                           droneMaxX                                 76
   11-12-2023 21:28:50:32:784                      DronePositionY                                 15
   11-12-2023 21:28:50:32:868                      DronePositionY                                 24
   11-12-2023 21:28:50:32:935                              ForceY                                  0
     11-12-2023 21:28:50:33:2                              forceX                                  0
    11-12-2023 21:28:50:33:71                 Sent dronepos to UI                                 -
  11-12-2023 21:28:50:133:318                            keyvalue                                 -1
  11-12-2023 21:28:50:133:440                           droneMaxY                                 26
  11-12-2023 21:28:50:133:536                           droneMaxX                                 76
  11-12-2023 21:28:50:133:638                      DronePositionY                                 15
  11-12-2023 21:28:50:133:783                      DronePositionY                                 24
  11-12-2023 21:28:50:133:863                              ForceY                                  0
  11-12-2023 21:28:50:133:931                              forceX                                  0
  11-12-2023 21:28:50:133:999                 Sent dronepos to UI                                 -
  11-12-2023 21:28:50:234:263                            keyvalue                                 -1
  11-12-2023 21:28:50:234:402                           droneMaxY                                 26
  11-12-2023 21:28:50:234:508                           droneMaxX                                 76
  11-12-2023 21:28:50:234:591                      DronePositionY                                 15
  11-12-2023 21:28:50:234:657                      DronePositionY                                 24
  11-12-2023 21:28:50:234:753                              ForceY                                  0
  11-12-2023 21:28:50:234:847                              forceX                                  0
  11-12-2023 21:28:50:234:937                 Sent dronepos to UI                                 -
  11-12-2023 21:28:50:334:765                            keyvalue                                 -1
  11-12-2023 21:28:50:334:875                           droneMaxY                                 26
  11-12-2023 21:28:50:334:947                           droneMaxX                                 76
   11-12-2023 21:28:50:335:12                      DronePositionY                                 15
   11-12-2023 21:28:50:335:80                      DronePositionY                                 24
  11-12-2023 21:28:50:335:146                              ForceY                                  0
  11-12-2023 21:28:50:335:213                              forceX                                  0
  11-12-2023 21:28:50:335:281                 Sent dronepos to UI                                 -
  11-12-2023 21:28:50:435:525                            keyvalue                                 -1
  11-12-2023 21:28:50:435:641                           droneMaxY                                 26
  11-12-2023 21:28:50:435:715                           droneMaxX                                 76
  11-12-2023 21:28:50:435:821                      DronePositionY                                 15
  11-12-2023 21:28:50:435:925                      DronePositionY                                 24
  11-12-2023 21:28:50:435:996                              ForceY                                  0
   11-12-2023 21:28:50:436:96                              forceX                                  0
  11-12-2023 21:28:50:436:195                 Sent dronepos to UI                                 -
  11-12-2023 21:28:50:536:471                            keyvalue                                 -1
  11-12-2023 21:28:50:536:613                           droneMaxY                                 26
  11-12-2023 21:28:50:536:712                           droneMaxX                                 76
  11-12-2023 21:28:50:536:812                      DronePositionY                                 15
  11-12-2023 21:28:50:536:907                      DronePositionY                                 24
    11-12-2023 21:28:50:537:7                              ForceY                                  0
  11-12-2023 21:28:50:537:120                              forceX                                  0
  11-12-2023 21:28:50:537:214                 Sent dronepos to UI                                 -
  11-12-2023 21:28:50:636:275                            keyvalue                                 -1
  11-12-2023 21:28:50:636:438                           droneMaxY                                 26
  11-12-2023 21:28:50:636:536                           droneMaxX                                 76
  11-12-2023 21:28:50:636:601                      DronePositionY                                 15
  11-12-2023 21:28:50:636:659                      DronePositionY                                 24
  11-12-2023 21:28:50:636:716                              ForceY                                  0
  11-12-2023 21:28:50:636:777                              forceX                                  0
  11-12-2023 21:28:50:636:836                 Sent dronepos to UI                                 -
  11-12-2023 21:28:50:736:995                            keyvalue                                 -1
   11-12-2023 21:28:50:737:49                           droneMaxY                                 26
   11-12-2023 21:28:50:737:84                           droneMaxX                                 76
  11-12-2023 21:28:50:737:117                      DronePositionY                                 15
  11-12-2023 21:28:50:737:150                      DronePositionY                                 24
  11-12-2023 21:28:50:737:184                              ForceY                                  0
  11-12-2023 21:28:50:737:234                              forceX                                  0
  11-12-2023 21:28:50:737:268                 Sent dronepos to UI                                 -
  11-12-2023 21:28:50:837:515                            keyvalue                                 -1
  11-12-2023 21:28:50:837:621                           droneMaxY                                 26
  11-12-2023 21:28:50:837:734                           droneMaxX                                 76
  11-12-2023 21:28:50:837:815                      DronePositionY                                 15
  11-12-2023 21:28:50:837:881                      DronePositionY                                 24
  11-12-2023 21:28:50:837:948                              ForceY                                  0
   11-12-2023 21:28:50:838:45                              forceX                                  0
  11-12-2023 21:28:50:838:121                 Sent dronepos to UI                                 -
  11-12-2023 21:28:50:938:180                            keyvalue                                 -1
  11-12-2023 21:28:50:938:286                           droneMaxY                                 26
  11-12-2023 21:28:50:938:358                           droneMaxX                                 76
  11-12-2023 21:28:50:938:425                      DronePositionY                                 15
  11-12-2023 21:28:50:938:491                      DronePositionY                                 24
  11-12-2023 21:28:50:938:556                              ForceY                                  0
  11-12-2023 21:28:50:938:620                              forceX                                  0
  11-12-2023 21:28:50:938:686                 Sent dronepos to UI                                 -
   11-12-2023 21:28:51:38:946                            keyvalue                                 -1
    11-12-2023 21:28:51:39:65                           droneMaxY                                 26
   11-12-2023 21:28:51:39:131                           droneMaxX                                 76
   11-12-2023 21:28:51:39:219                      DronePositionY                                 15
   11-12-2023 21:28:51:39:314                      DronePositionY                                 24
   11-12-2023 21:28:51:39:411                              ForceY                                  0
   11-12-2023 21:28:51:39:515                              forceX                                  0
   11-12-2023 21:28:51:39:599                 Sent dronepos to UI                                 -
  11-12-2023 21:28:51:139:858                            keyvalue                                 -1
  11-12-2023 21:28:51:139:961                           droneMaxY                                 26
   11-12-2023 21:28:51:140:30                           droneMaxX                                 76
   11-12-2023 21:28:51:140:96                      DronePositionY                                 15
  11-12-2023 21:28:51:140:160                      DronePositionY                                 24
  11-12-2023 21:28:51:140:224                              ForceY                                  0
  11-12-2023 21:28:51:140:290                              forceX                                  0
  11-12-2023 21:28:51:140:361                 Sent dronepos to UI                                 -
  11-12-2023 21:28:51:239:926                            keyvalue                                 -1
   11-12-2023 21:28:51:240:43                           droneMaxY                                 26
  11-12-2023 21:28:51:240:107                           droneMaxX                                 76
  11-12-2023 21:28:51:240:177                      DronePositionY                                 15
  11-12-2023 21:28:51:240:282                      DronePositionY                                 24
  11-12-2023 21:28:51:240:379                              ForceY                                  0
  11-12-2023 21:28:51:240:509                              forceX                                  0
  11-12-2023 21:28:51:240:613                 Sent dronepos to UI                                 -
  11-12-2023 21:28:51:340:826                            keyvalue                                 -1
  11-12-2023 21:28:51:340:918                           droneMaxY                                 26
  11-12-2023 21:28:51:340:986                           droneMaxX                                 76
   11-12-2023 21:28:51:341:49                      DronePositionY                                 15
  11-12-2023 21:28:51:341:115                      DronePositionY                                 24
  11-12-2023 21:28:51:341:178                              ForceY                                  0
  11-12-2023 21:28:51:341:243                              forceX                                  0
  11-12-2023 21:28:51:341:307                 Sent dronepos to UI                                 -
  11-12-2023 21:28:51:441:521                            keyvalue                                 -1
  11-12-2023 21:28:51:441:633                           droneMaxY                                 26
  11-12-2023 21:28:51:441:769                           droneMaxX                                 76
  11-12-2023 21:28:51:441:857                      DronePositionY                                 15
  11-12-2023 21:28:51:441:941                      DronePositionY                                 25
   11-12-2023 21:28:51:442:28                              ForceY                                  0
  11-12-2023 21:28:51:442:114                              forceX                                  0
  11-12-2023 21:28:51:442:199                 Sent dronepos to UI                                 -
  11-12-2023 21:28:51:541:700                            keyvalue                                 -1
  11-12-2023 21:28:51:541:808                           droneMaxY                                 26
  11-12-2023 21:28:51:541:879                           droneMaxX                                 76
  11-12-2023 21:28:51:541:949                      DronePositionY                                 15
   11-12-2023 21:28:51:542:22                      DronePositionY                                 25
   11-12-2023 21:28:51:542:94                              ForceY                                  0
  11-12-2023 21:28:51:542:166                              forceX                                  0
  11-12-2023 21:28:51:542:236                 Sent dronepos to UI                                 -
  11-12-2023 21:28:51:642:503                            keyvalue                                 -1
  11-12-2023 21:28:51:642:645                           droneMaxY                                 26
  11-12-2023 21:28:51:642:727                           droneMaxX                                 76
  11-12-2023 21:28:51:642:838                      DronePositionY                                 15
  11-12-2023 21:28:51:642:941                      DronePositionY                                 25
   11-12-2023 21:28:51:643:16                              ForceY                                  0
  11-12-2023 21:28:51:643:129                              forceX                                  0
  11-12-2023 21:28:51:643:226                 Sent dronepos to UI                                 -
  11-12-2023 21:28:51:743:473                            keyvalue                                 -1
  11-12-2023 21:28:51:743:583                           droneMaxY                                 26
  11-12-2023 21:28:51:743:657                           droneMaxX                                 76
  11-12-2023 21:28:51:743:761                      DronePositionY                                 15
  11-12-2023 21:28:51:743:863                      DronePositionY                                 25
  11-12-2023 21:28:51:743:940                              ForceY                                  0
   11-12-2023 21:28:51:744:42                              forceX                                  0
  11-12-2023 21:28:51:744:177                 Sent dronepos to UI                                 -
  11-12-2023 21:28:51:843:366                            keyvalue                                 -1
  11-12-2023 21:28:51:843:512                           droneMaxY                                 26
  11-12-2023 21:28:51:843:623                           droneMaxX                                 76
  11-12-2023 21:28:51:843:695                      DronePositionY                                 15
  11-12-2023 21:28:51:843:788                      DronePositionY                                 25
  11-12-2023 21:28:51:843:892                              ForceY                                  0
  11-12-2023 21:28:51:843:970                              forceX                                  0
   11-12-2023 21:28:51:844:63                 Sent dronepos to UI                                 -
  11-12-2023 21:28:51:944:328                            keyvalue                                 -1
  11-12-2023 21:28:51:944:453                           droneMaxY                                 26
  11-12-2023 21:28:51:944:557                           droneMaxX                                 76
  11-12-2023 21:28:51:944:660                      DronePositionY                                 15
  11-12-2023 21:28:51:944:764                      DronePositionY                                 25
  11-12-2023 21:28:51:944:858                              ForceY                                  0
  11-12-2023 21:28:51:944:925                              forceX                                  0
   11-12-2023 21:28:51:945:11                 Sent dronepos to UI                                 -
   11-12-2023 21:28:52:45:274                            keyvalue                                 -1
   11-12-2023 21:28:52:45:435                           droneMaxY                                 26
   11-12-2023 21:28:52:45:550                           droneMaxX                                 76
   11-12-2023 21:28:52:45:701                      DronePositionY                                 15
   11-12-2023 21:28:52:45:809                      DronePositionY                                 25
   11-12-2023 21:28:52:45:915                              ForceY                                  0
    11-12-2023 21:28:52:46:20                              forceX                                  0
    11-12-2023 21:28:52:46:93                 Sent dronepos to UI                                 -
  11-12-2023 21:28:52:145:232                            keyvalue                                 -1
  11-12-2023 21:28:52:145:278                           droneMaxY                                 26
  11-12-2023 21:28:52:145:302                           droneMaxX                                 76
  11-12-2023 21:28:52:145:329                      DronePositionY                                 15
  11-12-2023 21:28:52:145:365                      DronePositionY                                 25
  11-12-2023 21:28:52:145:398                              ForceY                                  0
  11-12-2023 21:28:52:145:428                              forceX                                  0
  11-12-2023 21:28:52:145:455                 Sent dronepos to UI                                 -
  11-12-2023 21:28:52:245:730                            keyvalue                                 -1
  11-12-2023 21:28:52:245:864                           droneMaxY                                 26
  11-12-2023 21:28:52:245:964                           droneMaxX                                 76
   11-12-2023 21:28:52:246:59                      DronePositionY                                 15
  11-12-2023 21:28:52:246:165                      DronePositionY                                 25
  11-12-2023 21:28:52:246:269                              ForceY                                  0
  11-12-2023 21:28:52:246:337                              forceX                                  0
  11-12-2023 21:28:52:246:435                 Sent dronepos to UI                                 -
  11-12-2023 21:28:52:346:703                            keyvalue                                 -1
  11-12-2023 21:28:52:346:811                           droneMaxY                                 26
  11-12-2023 21:28:52:346:884                           droneMaxX                                 76
  11-12-2023 21:28:52:346:951                      DronePositionY                                 15
   11-12-2023 21:28:52:347:19                      DronePositionY                                 25
   11-12-2023 21:28:52:347:84                              ForceY                                  0
  11-12-2023 21:28:52:347:153                              forceX                                  0
  11-12-2023 21:28:52:347:218                 Sent dronepos to UI                                 -
