                     DATE/TIME                   MESSAGE/VARIABLE                               DATA
  10-12-2023 22:03:59:167:780               Created serverpidfifo                                 -
  10-12-2023 22:03:59:167:825                Opened serverpidfifo                                 -
  10-12-2023 22:03:59:167:859                sent pid to watchdog                                 -
  10-12-2023 22:03:59:167:939                 Opened sem_watchdog                                 -
  10-12-2023 22:03:59:167:975                 Opened shm_watchdog                                 -
  10-12-2023 22:03:59:175:488               received watchdog pid                                 -
  10-12-2023 22:03:59:175:513                        watchdog_pid                               3646
  10-12-2023 22:03:59:175:572                  Created sem_window                                 -
  10-12-2023 22:03:59:175:600                  Created shm_window                                 -
  10-12-2023 22:03:59:175:655                   Created sem_drone                                 -
  10-12-2023 22:03:59:175:687                   Created shm_drone                                 -
  10-12-2023 22:03:59:275:797            Server performed 1 cycle                                 -
  10-12-2023 22:03:59:375:975            Server performed 1 cycle                                 -
  10-12-2023 22:03:59:476:509            Server performed 1 cycle                                 -
   10-12-2023 22:03:59:577:13            Server performed 1 cycle                                 -
  10-12-2023 22:03:59:677:598            Server performed 1 cycle                                 -
  10-12-2023 22:03:59:778:123            Server performed 1 cycle                                 -
  10-12-2023 22:03:59:878:551            Server performed 1 cycle                                 -
  10-12-2023 22:03:59:978:835            Server performed 1 cycle                                 -
   10-12-2023 22:04:00:79:115            Server performed 1 cycle                                 -
  10-12-2023 22:04:00:179:380            Server performed 1 cycle                                 -
   10-12-2023 22:04:00:280:17            Server performed 1 cycle                                 -
  10-12-2023 22:04:00:380:527            Server performed 1 cycle                                 -
  10-12-2023 22:04:00:480:806            Server performed 1 cycle                                 -
   10-12-2023 22:04:00:581:62            Server performed 1 cycle                                 -
  10-12-2023 22:04:00:681:271            Server performed 1 cycle                                 -
  10-12-2023 22:04:00:781:545            Server performed 1 cycle                                 -
  10-12-2023 22:04:00:881:803            Server performed 1 cycle                                 -
   10-12-2023 22:04:00:982:88            Server performed 1 cycle                                 -
   10-12-2023 22:04:01:82:344            Server performed 1 cycle                                 -
  10-12-2023 22:04:01:182:598            Server performed 1 cycle                                 -
  10-12-2023 22:04:01:282:859            Server performed 1 cycle                                 -
  10-12-2023 22:04:01:383:132            Server performed 1 cycle                                 -
  10-12-2023 22:04:01:483:380            Server performed 1 cycle                                 -
  10-12-2023 22:04:01:583:974            Server performed 1 cycle                                 -
  10-12-2023 22:04:01:684:512            Server performed 1 cycle                                 -
  10-12-2023 22:04:01:785:295            Server performed 1 cycle                                 -
   10-12-2023 22:04:01:886:70            Server performed 1 cycle                                 -
  10-12-2023 22:04:01:986:752            Server performed 1 cycle                                 -
   10-12-2023 22:04:02:87:541            Server performed 1 cycle                                 -
   10-12-2023 22:04:02:176:65            Server performed 1 cycle                                 -
  10-12-2023 22:04:02:276:591            Server performed 1 cycle                                 -
  10-12-2023 22:04:02:377:166            Server performed 1 cycle                                 -
  10-12-2023 22:04:02:477:740            Server performed 1 cycle                                 -
   10-12-2023 22:04:02:478:12            Server performed 1 cycle                                 -
  10-12-2023 22:04:02:578:699            Server performed 1 cycle                                 -
  10-12-2023 22:04:02:678:910            Server performed 1 cycle                                 -
   10-12-2023 22:04:02:779:57            Server performed 1 cycle                                 -
  10-12-2023 22:04:02:779:313            Server performed 1 cycle                                 -
  10-12-2023 22:04:02:879:434            Server performed 1 cycle                                 -
  10-12-2023 22:04:02:979:553            Server performed 1 cycle                                 -
   10-12-2023 22:04:03:79:854            Server performed 1 cycle                                 -
   10-12-2023 22:04:03:79:975            Server performed 1 cycle                                 -
  10-12-2023 22:04:03:180:679            Server performed 1 cycle                                 -
  10-12-2023 22:04:03:281:341            Server performed 1 cycle                                 -
  10-12-2023 22:04:03:381:950            Server performed 1 cycle                                 -
   10-12-2023 22:04:03:382:56            Server performed 1 cycle                                 -
  10-12-2023 22:04:03:482:705            Server performed 1 cycle                                 -
  10-12-2023 22:04:03:583:493            Server performed 1 cycle                                 -
  10-12-2023 22:04:03:684:271            Server performed 1 cycle                                 -
  10-12-2023 22:04:03:684:474            Server performed 1 cycle                                 -
  10-12-2023 22:04:03:785:222            Server performed 1 cycle                                 -
    10-12-2023 22:04:03:886:8            Server performed 1 cycle                                 -
  10-12-2023 22:04:03:986:789            Server performed 1 cycle                                 -
   10-12-2023 22:04:03:987:59            Server performed 1 cycle                                 -
   10-12-2023 22:04:04:87:748            Server performed 1 cycle                                 -
  10-12-2023 22:04:04:188:534            Server performed 1 cycle                                 -
  10-12-2023 22:04:04:289:314            Server performed 1 cycle                                 -
  10-12-2023 22:04:04:289:572            Server performed 1 cycle                                 -
  10-12-2023 22:04:04:390:285            Server performed 1 cycle                                 -
  10-12-2023 22:04:04:490:445            Server performed 1 cycle                                 -
  10-12-2023 22:04:04:590:645            Server performed 1 cycle                                 -
  10-12-2023 22:04:04:591:221            Server performed 1 cycle                                 -
  10-12-2023 22:04:04:691:450            Server performed 1 cycle                                 -
  10-12-2023 22:04:04:792:224            Server performed 1 cycle                                 -
  10-12-2023 22:04:04:892:726            Server performed 1 cycle                                 -
    10-12-2023 22:04:04:893:0            Server performed 1 cycle                                 -
  10-12-2023 22:04:04:993:691            Server performed 1 cycle                                 -
   10-12-2023 22:04:05:94:478            Server performed 1 cycle                                 -
  10-12-2023 22:04:05:195:266            Server performed 1 cycle                                 -
  10-12-2023 22:04:05:195:544            Server performed 1 cycle                                 -
  10-12-2023 22:04:05:296:238            Server performed 1 cycle                                 -
   10-12-2023 22:04:05:397:31            Server performed 1 cycle                                 -
  10-12-2023 22:04:05:497:816            Server performed 1 cycle                                 -
   10-12-2023 22:04:05:498:44            Server performed 1 cycle                                 -
  10-12-2023 22:04:05:598:716            Server performed 1 cycle                                 -
  10-12-2023 22:04:05:699:499            Server performed 1 cycle                                 -
  10-12-2023 22:04:05:800:284            Server performed 1 cycle                                 -
  10-12-2023 22:04:05:800:560            Server performed 1 cycle                                 -
  10-12-2023 22:04:05:901:254            Server performed 1 cycle                                 -
     10-12-2023 22:04:06:2:36            Server performed 1 cycle                                 -
  10-12-2023 22:04:06:102:822            Server performed 1 cycle                                 -
  10-12-2023 22:04:06:103:104            Server performed 1 cycle                                 -
  10-12-2023 22:04:06:203:794            Server performed 1 cycle                                 -
   10-12-2023 22:04:06:304:72            Server performed 1 cycle                                 -
  10-12-2023 22:04:06:404:327            Server performed 1 cycle                                 -
  10-12-2023 22:04:06:404:666            Server performed 1 cycle                                 -
  10-12-2023 22:04:06:504:894            Server performed 1 cycle                                 -
  10-12-2023 22:04:06:605:152            Server performed 1 cycle                                 -
  10-12-2023 22:04:06:705:409            Server performed 1 cycle                                 -
  10-12-2023 22:04:06:705:947            Server performed 1 cycle                                 -
  10-12-2023 22:04:06:806:227            Server performed 1 cycle                                 -
  10-12-2023 22:04:06:906:474            Server performed 1 cycle                                 -
    10-12-2023 22:04:07:6:731            Server performed 1 cycle                                 -
    10-12-2023 22:04:07:7:311            Server performed 1 cycle                                 -
  10-12-2023 22:04:07:107:999            Server performed 1 cycle                                 -
  10-12-2023 22:04:07:208:792            Server performed 1 cycle                                 -
   10-12-2023 22:04:07:309:60            Server performed 1 cycle                                 -
  10-12-2023 22:04:07:309:492            Server performed 1 cycle                                 -
  10-12-2023 22:04:07:409:726            Server performed 1 cycle                                 -
  10-12-2023 22:04:07:509:984            Server performed 1 cycle                                 -
  10-12-2023 22:04:07:610:276            Server performed 1 cycle                                 -
  10-12-2023 22:04:07:610:823            Server performed 1 cycle                                 -
   10-12-2023 22:04:07:711:54            Server performed 1 cycle                                 -
  10-12-2023 22:04:07:811:307            Server performed 1 cycle                                 -
  10-12-2023 22:04:07:911:579            Server performed 1 cycle                                 -
   10-12-2023 22:04:07:912:68            Server performed 1 cycle                                 -
   10-12-2023 22:04:08:12:239            Server performed 1 cycle                                 -
  10-12-2023 22:04:08:112:477            Server performed 1 cycle                                 -
  10-12-2023 22:04:08:212:706            Server performed 1 cycle                                 -
  10-12-2023 22:04:08:213:164            Server performed 1 cycle                                 -
  10-12-2023 22:04:08:313:403            Server performed 1 cycle                                 -
  10-12-2023 22:04:08:413:670            Server performed 1 cycle                                 -
  10-12-2023 22:04:08:513:940            Server performed 1 cycle                                 -
  10-12-2023 22:04:08:514:402            Server performed 1 cycle                                 -
  10-12-2023 22:04:08:614:608            Server performed 1 cycle                                 -
  10-12-2023 22:04:08:714:876            Server performed 1 cycle                                 -
  10-12-2023 22:04:08:815:145            Server performed 1 cycle                                 -
  10-12-2023 22:04:08:815:645            Server performed 1 cycle                                 -
  10-12-2023 22:04:08:915:884            Server performed 1 cycle                                 -
   10-12-2023 22:04:09:16:109            Server performed 1 cycle                                 -
  10-12-2023 22:04:09:116:328            Server performed 1 cycle                                 -
  10-12-2023 22:04:09:116:675            Server performed 1 cycle                                 -
  10-12-2023 22:04:09:217:251            Server performed 1 cycle                                 -
   10-12-2023 22:04:09:318:47            Server performed 1 cycle                                 -
  10-12-2023 22:04:09:418:824            Server performed 1 cycle                                 -
  10-12-2023 22:04:09:418:894            Server performed 1 cycle                                 -
  10-12-2023 22:04:09:519:142            Server performed 1 cycle                                 -
  10-12-2023 22:04:09:619:349            Server performed 1 cycle                                 -
  10-12-2023 22:04:09:719:573            Server performed 1 cycle                                 -
  10-12-2023 22:04:09:719:992            Server performed 1 cycle                                 -
  10-12-2023 22:04:09:820:254            Server performed 1 cycle                                 -
  10-12-2023 22:04:09:920:528            Server performed 1 cycle                                 -
   10-12-2023 22:04:10:20:800            Server performed 1 cycle                                 -
   10-12-2023 22:04:10:21:418            Server performed 1 cycle                                 -
  10-12-2023 22:04:10:122:126            Server performed 1 cycle                                 -
  10-12-2023 22:04:10:222:770            Server performed 1 cycle                                 -
    10-12-2023 22:04:10:323:8            Server performed 1 cycle                                 -
  10-12-2023 22:04:10:323:476            Server performed 1 cycle                                 -
  10-12-2023 22:04:10:424:170            Server performed 1 cycle                                 -
  10-12-2023 22:04:10:524:954            Server performed 1 cycle                                 -
  10-12-2023 22:04:10:625:709            Server performed 1 cycle                                 -
  10-12-2023 22:04:10:625:916            Server performed 1 cycle                                 -
  10-12-2023 22:04:10:726:603            Server performed 1 cycle                                 -
  10-12-2023 22:04:10:827:384            Server performed 1 cycle                                 -
  10-12-2023 22:04:10:928:165            Server performed 1 cycle                                 -
  10-12-2023 22:04:10:928:385            Server performed 1 cycle                                 -
   10-12-2023 22:04:11:29:140            Server performed 1 cycle                                 -
  10-12-2023 22:04:11:129:921            Server performed 1 cycle                                 -
  10-12-2023 22:04:11:230:703            Server performed 1 cycle                                 -
  10-12-2023 22:04:11:230:976            Server performed 1 cycle                                 -
  10-12-2023 22:04:11:331:667            Server performed 1 cycle                                 -
  10-12-2023 22:04:11:432:449            Server performed 1 cycle                                 -
  10-12-2023 22:04:11:533:260            Server performed 1 cycle                                 -
  10-12-2023 22:04:11:533:467            Server performed 1 cycle                                 -
  10-12-2023 22:04:11:634:242            Server performed 1 cycle                                 -
   10-12-2023 22:04:11:735:26            Server performed 1 cycle                                 -
  10-12-2023 22:04:11:835:818            Server performed 1 cycle                                 -
   10-12-2023 22:04:11:836:95            Server performed 1 cycle                                 -
  10-12-2023 22:04:11:936:463            Server performed 1 cycle                                 -
   10-12-2023 22:04:12:37:245            Server performed 1 cycle                                 -
  10-12-2023 22:04:12:137:826            Server performed 1 cycle                                 -
   10-12-2023 22:04:12:138:34            Server performed 1 cycle                                 -
  10-12-2023 22:04:12:238:786            Server performed 1 cycle                                 -
  10-12-2023 22:04:12:339:579            Server performed 1 cycle                                 -
  10-12-2023 22:04:12:440:367            Server performed 1 cycle                                 -
  10-12-2023 22:04:12:440:683            Server performed 1 cycle                                 -
  10-12-2023 22:04:12:541:384            Server performed 1 cycle                                 -
  10-12-2023 22:04:12:641:975            Server performed 1 cycle                                 -
  10-12-2023 22:04:12:742:277            Server performed 1 cycle                                 -
  10-12-2023 22:04:12:742:760            Server performed 1 cycle                                 -
  10-12-2023 22:04:12:843:458            Server performed 1 cycle                                 -
  10-12-2023 22:04:12:944:239            Server performed 1 cycle                                 -
    10-12-2023 22:04:13:45:36            Server performed 1 cycle                                 -
   10-12-2023 22:04:13:45:336            Server performed 1 cycle                                 -
   10-12-2023 22:04:13:146:31            Server performed 1 cycle                                 -
  10-12-2023 22:04:13:246:818            Server performed 1 cycle                                 -
   10-12-2023 22:04:13:347:13            Server performed 1 cycle                                 -
  10-12-2023 22:04:13:347:345            Server performed 1 cycle                                 -
  10-12-2023 22:04:13:447:548            Server performed 1 cycle                                 -
  10-12-2023 22:04:13:548:343            Server performed 1 cycle                                 -
  10-12-2023 22:04:13:649:141            Server performed 1 cycle                                 -
  10-12-2023 22:04:13:649:431            Server performed 1 cycle                                 -
  10-12-2023 22:04:13:750:138            Server performed 1 cycle                                 -
  10-12-2023 22:04:13:850:951            Server performed 1 cycle                                 -
  10-12-2023 22:04:13:951:224            Server performed 1 cycle                                 -
  10-12-2023 22:04:13:951:770            Server performed 1 cycle                                 -
   10-12-2023 22:04:14:52:472            Server performed 1 cycle                                 -
  10-12-2023 22:04:14:153:275            Server performed 1 cycle                                 -
   10-12-2023 22:04:14:254:68            Server performed 1 cycle                                 -
  10-12-2023 22:04:14:254:328            Server performed 1 cycle                                 -
  10-12-2023 22:04:14:354:778            Server performed 1 cycle                                 -
  10-12-2023 22:04:14:455:573            Server performed 1 cycle                                 -
  10-12-2023 22:04:14:556:129            Server performed 1 cycle                                 -
  10-12-2023 22:04:14:556:429            Server performed 1 cycle                                 -
  10-12-2023 22:04:14:657:125            Server performed 1 cycle                                 -
  10-12-2023 22:04:14:757:909            Server performed 1 cycle                                 -
  10-12-2023 22:04:14:858:702            Server performed 1 cycle                                 -
    10-12-2023 22:04:14:859:0            Server performed 1 cycle                                 -
  10-12-2023 22:04:14:959:695            Server performed 1 cycle                                 -
   10-12-2023 22:04:15:60:479            Server performed 1 cycle                                 -
  10-12-2023 22:04:15:161:271            Server performed 1 cycle                                 -
  10-12-2023 22:04:15:161:534            Server performed 1 cycle                                 -
  10-12-2023 22:04:15:262:312            Server performed 1 cycle                                 -
  10-12-2023 22:04:15:363:104            Server performed 1 cycle                                 -
  10-12-2023 22:04:15:463:362            Server performed 1 cycle                                 -
  10-12-2023 22:04:15:463:909            Server performed 1 cycle                                 -
  10-12-2023 22:04:15:564:602            Server performed 1 cycle                                 -
  10-12-2023 22:04:15:665:383            Server performed 1 cycle                                 -
   10-12-2023 22:04:15:766:91            Server performed 1 cycle                                 -
  10-12-2023 22:04:15:766:383            Server performed 1 cycle                                 -
  10-12-2023 22:04:15:866:623            Server performed 1 cycle                                 -
  10-12-2023 22:04:15:966:826            Server performed 1 cycle                                 -
    10-12-2023 22:04:16:67:74            Server performed 1 cycle                                 -
   10-12-2023 22:04:16:67:677            Server performed 1 cycle                                 -
  10-12-2023 22:04:16:167:926            Server performed 1 cycle                                 -
  10-12-2023 22:04:16:268:701            Server performed 1 cycle                                 -
  10-12-2023 22:04:16:369:494            Server performed 1 cycle                                 -
  10-12-2023 22:04:16:369:785            Server performed 1 cycle                                 -
  10-12-2023 22:04:16:470:395            Server performed 1 cycle                                 -
  10-12-2023 22:04:16:570:846            Server performed 1 cycle                                 -
  10-12-2023 22:04:16:671:130            Server performed 1 cycle                                 -
  10-12-2023 22:04:16:671:680            Server performed 1 cycle                                 -
   10-12-2023 22:04:16:772:86            Server performed 1 cycle                                 -
  10-12-2023 22:04:16:872:641            Server performed 1 cycle                                 -
  10-12-2023 22:04:16:973:203            Server performed 1 cycle                                 -
  10-12-2023 22:04:16:973:460            Server performed 1 cycle                                 -
   10-12-2023 22:04:17:74:149            Server performed 1 cycle                                 -
  10-12-2023 22:04:17:174:960            Server performed 1 cycle                                 -
  10-12-2023 22:04:17:275:177            Server performed 1 cycle                                 -
  10-12-2023 22:04:17:275:808            Server performed 1 cycle                                 -
  10-12-2023 22:04:17:376:498            Server performed 1 cycle                                 -
   10-12-2023 22:04:17:477:55            Server performed 1 cycle                                 -
  10-12-2023 22:04:17:577:839            Server performed 1 cycle                                 -
   10-12-2023 22:04:17:578:91            Server performed 1 cycle                                 -
  10-12-2023 22:04:17:678:807            Server performed 1 cycle                                 -
  10-12-2023 22:04:17:779:597            Server performed 1 cycle                                 -
  10-12-2023 22:04:17:880:387            Server performed 1 cycle                                 -
  10-12-2023 22:04:17:880:675            Server performed 1 cycle                                 -
  10-12-2023 22:04:17:980:870            Server performed 1 cycle                                 -
   10-12-2023 22:04:18:81:651            Server performed 1 cycle                                 -
  10-12-2023 22:04:18:181:898            Server performed 1 cycle                                 -
  10-12-2023 22:04:18:182:465            Server performed 1 cycle                                 -
  10-12-2023 22:04:18:282:661            Server performed 1 cycle                                 -
  10-12-2023 22:04:18:382:935            Server performed 1 cycle                                 -
  10-12-2023 22:04:18:483:186            Server performed 1 cycle                                 -
  10-12-2023 22:04:18:483:618            Server performed 1 cycle                                 -
  10-12-2023 22:04:18:584:311            Server performed 1 cycle                                 -
  10-12-2023 22:04:18:684:576            Server performed 1 cycle                                 -
  10-12-2023 22:04:18:784:850            Server performed 1 cycle                                 -
  10-12-2023 22:04:18:785:421            Server performed 1 cycle                                 -
  10-12-2023 22:04:18:885:680            Server performed 1 cycle                                 -
  10-12-2023 22:04:18:985:933            Server performed 1 cycle                                 -
   10-12-2023 22:04:19:86:242            Server performed 1 cycle                                 -
   10-12-2023 22:04:19:86:852            Server performed 1 cycle                                 -
   10-12-2023 22:04:19:187:82            Server performed 1 cycle                                 -
  10-12-2023 22:04:19:287:642            Server performed 1 cycle                                 -
  10-12-2023 22:04:19:388:198            Server performed 1 cycle                                 -
  10-12-2023 22:04:19:388:315            Server performed 1 cycle                                 -
  10-12-2023 22:04:19:488:516            Server performed 1 cycle                                 -
  10-12-2023 22:04:19:588:860            Server performed 1 cycle                                 -
  10-12-2023 22:04:19:689:641            Server performed 1 cycle                                 -
  10-12-2023 22:04:19:689:927            Server performed 1 cycle                                 -
  10-12-2023 22:04:19:790:176            Server performed 1 cycle                                 -
  10-12-2023 22:04:19:890:716            Server performed 1 cycle                                 -
  10-12-2023 22:04:19:990:950            Server performed 1 cycle                                 -
  10-12-2023 22:04:19:991:275            Server performed 1 cycle                                 -
   10-12-2023 22:04:20:91:489            Server performed 1 cycle                                 -
