                     DATE/TIME                   MESSAGE/VARIABLE                               DATA
  11-12-2023 21:28:42:301:420                 initialised ncurses                                 -
  11-12-2023 21:28:42:301:451                        initial yMax                                 53
  11-12-2023 21:28:42:301:469                        initial xMax                                 78
  11-12-2023 21:28:42:301:484                           droneMaxY                                 26
  11-12-2023 21:28:42:301:499                           droneMaxX                                 76
   11-12-2023 21:28:42:302:47                   Created UIpidfifo                                 -
   11-12-2023 21:28:42:302:69                    Opened UIpidfifo                                 -
   11-12-2023 21:28:42:302:87                Sent pid to watchdog                                 -
  11-12-2023 21:28:42:302:122                 Opened sem_watchdog                                 -
  11-12-2023 21:28:42:302:150                 Opened shm_watchdog                                 -
  11-12-2023 21:28:42:302:252               received watchdog pid                                 -
  11-12-2023 21:28:42:302:270                        watchdog_pid                              19958
  11-12-2023 21:28:42:302:299              Created keypressedfifo                                 -
  11-12-2023 21:28:42:302:369                   Opened sem_window                                 -
  11-12-2023 21:28:42:302:482                   Opened shm_window                                 -
  11-12-2023 21:28:42:302:536                    Opened sem_drone                                 -
  11-12-2023 21:28:42:302:569                    Opened shm_drone                                 -
  11-12-2023 21:28:42:402:849                          user input                                 -1
  11-12-2023 21:28:42:402:975               passed input to drone                                 -
  11-12-2023 21:28:42:403:100         passed window size to drone                                 -
  11-12-2023 21:28:42:403:165                            yMax_now                                 53
  11-12-2023 21:28:42:403:225                            xMax_now                                 78
   11-12-2023 21:28:42:405:75                      dronePositionY                                 15
  11-12-2023 21:28:42:405:144                      dronePositionX                                 15
  11-12-2023 21:28:42:507:510                          user input                                 -1
  11-12-2023 21:28:42:507:666               passed input to drone                                 -
  11-12-2023 21:28:42:507:809         passed window size to drone                                 -
  11-12-2023 21:28:42:507:885                            yMax_now                                 53
  11-12-2023 21:28:42:507:954                            xMax_now                                 78
   11-12-2023 21:28:42:510:96                      dronePositionY                                 15
  11-12-2023 21:28:42:510:172                      dronePositionX                                 15
  11-12-2023 21:28:42:612:521                          user input                                 -1
  11-12-2023 21:28:42:612:662               passed input to drone                                 -
  11-12-2023 21:28:42:612:801         passed window size to drone                                 -
  11-12-2023 21:28:42:612:875                            yMax_now                                 53
  11-12-2023 21:28:42:612:946                            xMax_now                                 78
  11-12-2023 21:28:42:615:160                      dronePositionY                                 15
  11-12-2023 21:28:42:615:279                      dronePositionX                                 15
   11-12-2023 21:28:42:718:95                          user input                                 -1
  11-12-2023 21:28:42:718:255               passed input to drone                                 -
  11-12-2023 21:28:42:718:520         passed window size to drone                                 -
  11-12-2023 21:28:42:718:646                            yMax_now                                 53
  11-12-2023 21:28:42:718:782                            xMax_now                                 78
   11-12-2023 21:28:42:721:93                      dronePositionY                                 15
  11-12-2023 21:28:42:721:178                      dronePositionX                                 15
  11-12-2023 21:28:42:823:811                          user input                                 -1
  11-12-2023 21:28:42:823:974               passed input to drone                                 -
  11-12-2023 21:28:42:824:191         passed window size to drone                                 -
  11-12-2023 21:28:42:824:312                            yMax_now                                 53
  11-12-2023 21:28:42:824:430                            xMax_now                                 78
  11-12-2023 21:28:42:826:900                      dronePositionY                                 15
  11-12-2023 21:28:42:826:991                      dronePositionX                                 15
  11-12-2023 21:28:42:929:396                          user input                                 -1
  11-12-2023 21:28:42:929:561               passed input to drone                                 -
  11-12-2023 21:28:42:929:813         passed window size to drone                                 -
  11-12-2023 21:28:42:929:935                            yMax_now                                 53
   11-12-2023 21:28:42:930:51                            xMax_now                                 78
  11-12-2023 21:28:42:932:424                      dronePositionY                                 15
  11-12-2023 21:28:42:932:508                      dronePositionX                                 15
   11-12-2023 21:28:43:34:883                          user input                                 -1
    11-12-2023 21:28:43:35:48               passed input to drone                                 -
   11-12-2023 21:28:43:35:262         passed window size to drone                                 -
   11-12-2023 21:28:43:35:382                            yMax_now                                 53
   11-12-2023 21:28:43:35:498                            xMax_now                                 78
   11-12-2023 21:28:43:37:946                      dronePositionY                                 15
    11-12-2023 21:28:43:38:36                      dronePositionX                                 15
  11-12-2023 21:28:43:140:720                          user input                                 -1
  11-12-2023 21:28:43:140:878               passed input to drone                                 -
   11-12-2023 21:28:43:141:90         passed window size to drone                                 -
  11-12-2023 21:28:43:141:209                            yMax_now                                 53
  11-12-2023 21:28:43:141:325                            xMax_now                                 78
  11-12-2023 21:28:43:143:771                      dronePositionY                                 15
  11-12-2023 21:28:43:143:859                      dronePositionX                                 15
  11-12-2023 21:28:43:246:181                          user input                                 -1
  11-12-2023 21:28:43:246:325               passed input to drone                                 -
  11-12-2023 21:28:43:246:515         passed window size to drone                                 -
  11-12-2023 21:28:43:246:693                            yMax_now                                 53
  11-12-2023 21:28:43:246:807                            xMax_now                                 78
  11-12-2023 21:28:43:248:888                      dronePositionY                                 15
  11-12-2023 21:28:43:248:965                      dronePositionX                                 15
  11-12-2023 21:28:43:351:179                          user input                                 -1
  11-12-2023 21:28:43:351:369               passed input to drone                                 -
  11-12-2023 21:28:43:351:581         passed window size to drone                                 -
  11-12-2023 21:28:43:351:700                            yMax_now                                 53
  11-12-2023 21:28:43:351:818                            xMax_now                                 78
  11-12-2023 21:28:43:354:292                      dronePositionY                                 15
  11-12-2023 21:28:43:354:382                      dronePositionX                                 15
  11-12-2023 21:28:43:456:784                          user input                                 -1
  11-12-2023 21:28:43:456:947               passed input to drone                                 -
  11-12-2023 21:28:43:457:160         passed window size to drone                                 -
  11-12-2023 21:28:43:457:281                            yMax_now                                 53
  11-12-2023 21:28:43:457:402                            xMax_now                                 78
  11-12-2023 21:28:43:459:824                      dronePositionY                                 15
  11-12-2023 21:28:43:459:914                      dronePositionX                                 15
  11-12-2023 21:28:43:562:292                          user input                                 -1
  11-12-2023 21:28:43:562:455               passed input to drone                                 -
  11-12-2023 21:28:43:562:728         passed window size to drone                                 -
  11-12-2023 21:28:43:562:850                            yMax_now                                 53
  11-12-2023 21:28:43:562:967                            xMax_now                                 78
  11-12-2023 21:28:43:565:350                      dronePositionY                                 15
  11-12-2023 21:28:43:565:434                      dronePositionX                                 15
   11-12-2023 21:28:43:668:71                          user input                                 -1
  11-12-2023 21:28:43:668:232               passed input to drone                                 -
  11-12-2023 21:28:43:668:443         passed window size to drone                                 -
  11-12-2023 21:28:43:668:564                            yMax_now                                 53
  11-12-2023 21:28:43:668:678                            xMax_now                                 78
  11-12-2023 21:28:43:671:149                      dronePositionY                                 15
  11-12-2023 21:28:43:671:239                      dronePositionX                                 15
  11-12-2023 21:28:43:764:141                          user input                                100
  11-12-2023 21:28:43:764:274               passed input to drone                                 -
  11-12-2023 21:28:43:764:409         passed window size to drone                                 -
  11-12-2023 21:28:43:764:481                            yMax_now                                 53
  11-12-2023 21:28:43:764:547                            xMax_now                                 78
  11-12-2023 21:28:43:766:578                      dronePositionY                                 15
  11-12-2023 21:28:43:766:653                      dronePositionX                                 15
  11-12-2023 21:28:43:868:711                          user input                                 -1
  11-12-2023 21:28:43:868:865               passed input to drone                                 -
   11-12-2023 21:28:43:869:69         passed window size to drone                                 -
  11-12-2023 21:28:43:869:160                            yMax_now                                 53
  11-12-2023 21:28:43:869:283                            xMax_now                                 78
  11-12-2023 21:28:43:872:129                      dronePositionY                                 15
  11-12-2023 21:28:43:872:219                      dronePositionX                                 15
  11-12-2023 21:28:43:874:404                          user input                                100
  11-12-2023 21:28:43:874:503               passed input to drone                                 -
  11-12-2023 21:28:43:874:615         passed window size to drone                                 -
  11-12-2023 21:28:43:874:701                            yMax_now                                 53
  11-12-2023 21:28:43:874:760                            xMax_now                                 78
  11-12-2023 21:28:43:876:604                      dronePositionY                                 15
  11-12-2023 21:28:43:876:673                      dronePositionX                                 15
  11-12-2023 21:28:43:978:986                          user input                                 -1
  11-12-2023 21:28:43:979:134               passed input to drone                                 -
  11-12-2023 21:28:43:979:273         passed window size to drone                                 -
  11-12-2023 21:28:43:979:345                            yMax_now                                 53
  11-12-2023 21:28:43:979:417                            xMax_now                                 78
  11-12-2023 21:28:43:981:616                      dronePositionY                                 15
  11-12-2023 21:28:43:981:743                      dronePositionX                                 15
   11-12-2023 21:28:44:84:330                          user input                                 -1
   11-12-2023 21:28:44:84:475               passed input to drone                                 -
   11-12-2023 21:28:44:84:615         passed window size to drone                                 -
   11-12-2023 21:28:44:84:688                            yMax_now                                 53
   11-12-2023 21:28:44:84:760                            xMax_now                                 78
   11-12-2023 21:28:44:86:963                      dronePositionY                                 15
    11-12-2023 21:28:44:87:53                      dronePositionX                                 15
  11-12-2023 21:28:44:189:774                          user input                                 -1
  11-12-2023 21:28:44:189:923               passed input to drone                                 -
   11-12-2023 21:28:44:190:61         passed window size to drone                                 -
  11-12-2023 21:28:44:190:138                            yMax_now                                 53
  11-12-2023 21:28:44:190:209                            xMax_now                                 78
  11-12-2023 21:28:44:192:348                      dronePositionY                                 15
  11-12-2023 21:28:44:192:428                      dronePositionX                                 15
  11-12-2023 21:28:44:294:883                          user input                                 -1
   11-12-2023 21:28:44:295:33               passed input to drone                                 -
  11-12-2023 21:28:44:295:188         passed window size to drone                                 -
  11-12-2023 21:28:44:295:279                            yMax_now                                 53
  11-12-2023 21:28:44:295:350                            xMax_now                                 78
  11-12-2023 21:28:44:299:982                      dronePositionY                                 15
    11-12-2023 21:28:44:300:2                      dronePositionX                                 15
  11-12-2023 21:28:44:401:373                          user input                                 -1
  11-12-2023 21:28:44:401:519               passed input to drone                                 -
  11-12-2023 21:28:44:401:766         passed window size to drone                                 -
  11-12-2023 21:28:44:401:861                            yMax_now                                 53
  11-12-2023 21:28:44:401:931                            xMax_now                                 78
   11-12-2023 21:28:44:407:42                      dronePositionY                                 15
  11-12-2023 21:28:44:407:137                      dronePositionX                                 15
  11-12-2023 21:28:44:512:319                          user input                                 -1
  11-12-2023 21:28:44:512:467               passed input to drone                                 -
  11-12-2023 21:28:44:512:604         passed window size to drone                                 -
  11-12-2023 21:28:44:512:678                            yMax_now                                 53
  11-12-2023 21:28:44:512:755                            xMax_now                                 78
  11-12-2023 21:28:44:515:347                      dronePositionY                                 15
  11-12-2023 21:28:44:515:439                      dronePositionX                                 15
  11-12-2023 21:28:44:618:937                          user input                                 -1
   11-12-2023 21:28:44:619:84               passed input to drone                                 -
  11-12-2023 21:28:44:619:239         passed window size to drone                                 -
  11-12-2023 21:28:44:619:330                            yMax_now                                 53
  11-12-2023 21:28:44:619:401                            xMax_now                                 78
  11-12-2023 21:28:44:624:415                      dronePositionY                                 15
  11-12-2023 21:28:44:624:509                      dronePositionX                                 15
  11-12-2023 21:28:44:729:692                          user input                                 -1
  11-12-2023 21:28:44:729:842               passed input to drone                                 -
  11-12-2023 21:28:44:729:996         passed window size to drone                                 -
   11-12-2023 21:28:44:730:87                            yMax_now                                 53
  11-12-2023 21:28:44:730:159                            xMax_now                                 78
  11-12-2023 21:28:44:735:113                      dronePositionY                                 15
  11-12-2023 21:28:44:735:208                      dronePositionX                                 15
  11-12-2023 21:28:44:840:917                          user input                                 -1
   11-12-2023 21:28:44:841:64               passed input to drone                                 -
  11-12-2023 21:28:44:841:222         passed window size to drone                                 -
  11-12-2023 21:28:44:841:310                            yMax_now                                 53
  11-12-2023 21:28:44:841:381                            xMax_now                                 78
  11-12-2023 21:28:44:846:551                      dronePositionY                                 15
  11-12-2023 21:28:44:846:647                      dronePositionX                                 15
  11-12-2023 21:28:44:952:299                          user input                                 -1
  11-12-2023 21:28:44:952:442               passed input to drone                                 -
  11-12-2023 21:28:44:952:597         passed window size to drone                                 -
  11-12-2023 21:28:44:952:683                            yMax_now                                 53
  11-12-2023 21:28:44:952:754                            xMax_now                                 78
  11-12-2023 21:28:44:957:933                      dronePositionY                                 15
   11-12-2023 21:28:44:958:29                      dronePositionX                                 15
    11-12-2023 21:28:45:63:68                          user input                                 -1
   11-12-2023 21:28:45:63:211               passed input to drone                                 -
   11-12-2023 21:28:45:63:366         passed window size to drone                                 -
   11-12-2023 21:28:45:63:451                            yMax_now                                 53
   11-12-2023 21:28:45:63:591                            xMax_now                                 78
   11-12-2023 21:28:45:68:761                      dronePositionY                                 15
   11-12-2023 21:28:45:68:856                      dronePositionX                                 15
  11-12-2023 21:28:45:171:863                          user input                                 -1
   11-12-2023 21:28:45:172:12               passed input to drone                                 -
  11-12-2023 21:28:45:172:153         passed window size to drone                                 -
  11-12-2023 21:28:45:172:226                            yMax_now                                 53
  11-12-2023 21:28:45:172:296                            xMax_now                                 78
  11-12-2023 21:28:45:174:400                      dronePositionY                                 15
  11-12-2023 21:28:45:174:483                      dronePositionX                                 16
   11-12-2023 21:28:45:277:13                          user input                                 -1
  11-12-2023 21:28:45:277:162               passed input to drone                                 -
  11-12-2023 21:28:45:277:301         passed window size to drone                                 -
  11-12-2023 21:28:45:277:373                            yMax_now                                 53
  11-12-2023 21:28:45:277:442                            xMax_now                                 78
  11-12-2023 21:28:45:279:576                      dronePositionY                                 15
  11-12-2023 21:28:45:279:662                      dronePositionX                                 16
  11-12-2023 21:28:45:382:271                          user input                                 -1
  11-12-2023 21:28:45:382:418               passed input to drone                                 -
  11-12-2023 21:28:45:382:578         passed window size to drone                                 -
  11-12-2023 21:28:45:382:687                            yMax_now                                 53
  11-12-2023 21:28:45:382:798                            xMax_now                                 78
  11-12-2023 21:28:45:384:984                      dronePositionY                                 15
   11-12-2023 21:28:45:385:66                      dronePositionX                                 16
  11-12-2023 21:28:45:403:806                          user input                                 -1
  11-12-2023 21:28:45:403:972               passed input to drone                                 -
  11-12-2023 21:28:45:404:150         passed window size to drone                                 -
  11-12-2023 21:28:45:404:253                            yMax_now                                 53
  11-12-2023 21:28:45:404:332                            xMax_now                                 78
  11-12-2023 21:28:45:406:458                      dronePositionY                                 15
  11-12-2023 21:28:45:406:536                      dronePositionX                                 16
  11-12-2023 21:28:45:509:106                          user input                                 -1
  11-12-2023 21:28:45:509:255               passed input to drone                                 -
  11-12-2023 21:28:45:509:420         passed window size to drone                                 -
  11-12-2023 21:28:45:509:539                            yMax_now                                 53
  11-12-2023 21:28:45:509:652                            xMax_now                                 78
  11-12-2023 21:28:45:511:940                      dronePositionY                                 15
   11-12-2023 21:28:45:512:23                      dronePositionX                                 16
  11-12-2023 21:28:45:614:223                          user input                                 -1
  11-12-2023 21:28:45:614:340               passed input to drone                                 -
  11-12-2023 21:28:45:614:493         passed window size to drone                                 -
  11-12-2023 21:28:45:614:634                            yMax_now                                 53
  11-12-2023 21:28:45:614:735                            xMax_now                                 78
  11-12-2023 21:28:45:616:746                      dronePositionY                                 15
  11-12-2023 21:28:45:616:821                      dronePositionX                                 16
  11-12-2023 21:28:45:705:736                          user input                                 -1
  11-12-2023 21:28:45:705:912               passed input to drone                                 -
   11-12-2023 21:28:45:706:96         passed window size to drone                                 -
  11-12-2023 21:28:45:706:202                            yMax_now                                 53
  11-12-2023 21:28:45:706:280                            xMax_now                                 78
  11-12-2023 21:28:45:708:421                      dronePositionY                                 15
  11-12-2023 21:28:45:708:500                      dronePositionX                                 16
  11-12-2023 21:28:45:810:799                          user input                                 -1
  11-12-2023 21:28:45:810:947               passed input to drone                                 -
  11-12-2023 21:28:45:811:103         passed window size to drone                                 -
  11-12-2023 21:28:45:811:209                            yMax_now                                 53
  11-12-2023 21:28:45:811:324                            xMax_now                                 78
  11-12-2023 21:28:45:813:629                      dronePositionY                                 15
  11-12-2023 21:28:45:813:755                      dronePositionX                                 17
  11-12-2023 21:28:45:916:219                          user input                                 -1
  11-12-2023 21:28:45:916:259               passed input to drone                                 -
  11-12-2023 21:28:45:916:295         passed window size to drone                                 -
  11-12-2023 21:28:45:916:311                            yMax_now                                 53
  11-12-2023 21:28:45:916:329                            xMax_now                                 78
  11-12-2023 21:28:45:916:884                      dronePositionY                                 15
  11-12-2023 21:28:45:916:903                      dronePositionX                                 17
    11-12-2023 21:28:46:7:206                          user input                                 -1
    11-12-2023 21:28:46:7:361               passed input to drone                                 -
    11-12-2023 21:28:46:7:532         passed window size to drone                                 -
    11-12-2023 21:28:46:7:635                            yMax_now                                 53
    11-12-2023 21:28:46:7:713                            xMax_now                                 78
    11-12-2023 21:28:46:10:18                      dronePositionY                                 15
   11-12-2023 21:28:46:10:107                      dronePositionX                                 17
  11-12-2023 21:28:46:112:329                          user input                                 -1
  11-12-2023 21:28:46:112:395               passed input to drone                                 -
  11-12-2023 21:28:46:112:471         passed window size to drone                                 -
  11-12-2023 21:28:46:112:523                            yMax_now                                 53
  11-12-2023 21:28:46:112:559                            xMax_now                                 78
   11-12-2023 21:28:46:113:42                      dronePositionY                                 15
   11-12-2023 21:28:46:113:59                      dronePositionX                                 17
  11-12-2023 21:28:46:213:939                          user input                                 -1
  11-12-2023 21:28:46:214:111               passed input to drone                                 -
  11-12-2023 21:28:46:214:278         passed window size to drone                                 -
  11-12-2023 21:28:46:214:392                            yMax_now                                 53
  11-12-2023 21:28:46:214:513                            xMax_now                                 78
  11-12-2023 21:28:46:216:846                      dronePositionY                                 15
  11-12-2023 21:28:46:216:930                      dronePositionX                                 17
  11-12-2023 21:28:46:308:725                          user input                                 -1
  11-12-2023 21:28:46:308:892               passed input to drone                                 -
   11-12-2023 21:28:46:309:78         passed window size to drone                                 -
  11-12-2023 21:28:46:309:171                            yMax_now                                 53
  11-12-2023 21:28:46:309:243                            xMax_now                                 78
  11-12-2023 21:28:46:311:436                      dronePositionY                                 15
  11-12-2023 21:28:46:311:522                      dronePositionX                                 18
  11-12-2023 21:28:46:413:984                          user input                                 -1
  11-12-2023 21:28:46:414:128               passed input to drone                                 -
  11-12-2023 21:28:46:414:264         passed window size to drone                                 -
  11-12-2023 21:28:46:414:341                            yMax_now                                 53
  11-12-2023 21:28:46:414:410                            xMax_now                                 78
  11-12-2023 21:28:46:416:495                      dronePositionY                                 15
  11-12-2023 21:28:46:416:567                      dronePositionX                                 18
  11-12-2023 21:28:46:518:840                          user input                                 -1
  11-12-2023 21:28:46:518:971               passed input to drone                                 -
  11-12-2023 21:28:46:519:121         passed window size to drone                                 -
  11-12-2023 21:28:46:519:216                            yMax_now                                 53
  11-12-2023 21:28:46:519:311                            xMax_now                                 78
   11-12-2023 21:28:46:523:82                      dronePositionY                                 15
  11-12-2023 21:28:46:523:182                      dronePositionX                                 18
  11-12-2023 21:28:46:610:729                          user input                                 -1
  11-12-2023 21:28:46:610:849               passed input to drone                                 -
  11-12-2023 21:28:46:610:971         passed window size to drone                                 -
   11-12-2023 21:28:46:611:67                            yMax_now                                 53
  11-12-2023 21:28:46:611:158                            xMax_now                                 78
  11-12-2023 21:28:46:614:922                      dronePositionY                                 15
   11-12-2023 21:28:46:615:24                      dronePositionX                                 18
   11-12-2023 21:28:46:719:17                          user input                                 -1
  11-12-2023 21:28:46:719:163               passed input to drone                                 -
  11-12-2023 21:28:46:719:303         passed window size to drone                                 -
  11-12-2023 21:28:46:719:419                            yMax_now                                 53
  11-12-2023 21:28:46:719:522                            xMax_now                                 78
  11-12-2023 21:28:46:723:551                      dronePositionY                                 15
  11-12-2023 21:28:46:723:675                      dronePositionX                                 18
  11-12-2023 21:28:46:828:285                          user input                                 -1
  11-12-2023 21:28:46:828:433               passed input to drone                                 -
  11-12-2023 21:28:46:828:577         passed window size to drone                                 -
  11-12-2023 21:28:46:828:689                            yMax_now                                 53
  11-12-2023 21:28:46:828:789                            xMax_now                                 78
  11-12-2023 21:28:46:832:901                      dronePositionY                                 15
   11-12-2023 21:28:46:833:12                      dronePositionX                                 18
  11-12-2023 21:28:46:913:178                          user input                                 -1
  11-12-2023 21:28:46:913:307               passed input to drone                                 -
  11-12-2023 21:28:46:913:442         passed window size to drone                                 -
  11-12-2023 21:28:46:913:549                            yMax_now                                 53
  11-12-2023 21:28:46:913:648                            xMax_now                                 78
  11-12-2023 21:28:46:917:676                      dronePositionY                                 15
  11-12-2023 21:28:46:917:791                      dronePositionX                                 19
    11-12-2023 21:28:47:22:76                          user input                                 -1
   11-12-2023 21:28:47:22:171               passed input to drone                                 -
   11-12-2023 21:28:47:22:255         passed window size to drone                                 -
   11-12-2023 21:28:47:22:308                            yMax_now                                 53
   11-12-2023 21:28:47:22:368                            xMax_now                                 78
   11-12-2023 21:28:47:24:988                      dronePositionY                                 15
    11-12-2023 21:28:47:25:74                      dronePositionX                                 19
  11-12-2023 21:28:47:128:639                          user input                                 -1
  11-12-2023 21:28:47:128:786               passed input to drone                                 -
  11-12-2023 21:28:47:128:925         passed window size to drone                                 -
   11-12-2023 21:28:47:129:19                            yMax_now                                 53
  11-12-2023 21:28:47:129:118                            xMax_now                                 78
  11-12-2023 21:28:47:133:273                      dronePositionY                                 15
  11-12-2023 21:28:47:133:386                      dronePositionX                                 19
  11-12-2023 21:28:47:214:808                          user input                                 -1
  11-12-2023 21:28:47:214:925               passed input to drone                                 -
   11-12-2023 21:28:47:215:61         passed window size to drone                                 -
  11-12-2023 21:28:47:215:169                            yMax_now                                 53
  11-12-2023 21:28:47:215:265                            xMax_now                                 78
  11-12-2023 21:28:47:219:411                      dronePositionY                                 15
  11-12-2023 21:28:47:219:522                      dronePositionX                                 19
  11-12-2023 21:28:47:323:821                          user input                                 -1
  11-12-2023 21:28:47:323:867               passed input to drone                                 -
  11-12-2023 21:28:47:323:905         passed window size to drone                                 -
  11-12-2023 21:28:47:323:922                            yMax_now                                 53
  11-12-2023 21:28:47:323:941                            xMax_now                                 78
  11-12-2023 21:28:47:324:806                      dronePositionY                                 15
  11-12-2023 21:28:47:324:845                      dronePositionX                                 19
   11-12-2023 21:28:47:426:70                          user input                                 -1
  11-12-2023 21:28:47:426:218               passed input to drone                                 -
  11-12-2023 21:28:47:426:356         passed window size to drone                                 -
  11-12-2023 21:28:47:426:452                            yMax_now                                 53
  11-12-2023 21:28:47:426:552                            xMax_now                                 78
  11-12-2023 21:28:47:430:687                      dronePositionY                                 15
  11-12-2023 21:28:47:430:786                      dronePositionX                                 20
   11-12-2023 21:28:47:516:36                          user input                                 -1
  11-12-2023 21:28:47:516:154               passed input to drone                                 -
  11-12-2023 21:28:47:516:287         passed window size to drone                                 -
  11-12-2023 21:28:47:516:378                            yMax_now                                 53
  11-12-2023 21:28:47:516:477                            xMax_now                                 78
  11-12-2023 21:28:47:519:137                      dronePositionY                                 15
  11-12-2023 21:28:47:519:224                      dronePositionX                                 20
  11-12-2023 21:28:47:623:521                          user input                                 -1
  11-12-2023 21:28:47:623:669               passed input to drone                                 -
  11-12-2023 21:28:47:623:808         passed window size to drone                                 -
  11-12-2023 21:28:47:623:906                            yMax_now                                 53
    11-12-2023 21:28:47:624:4                            xMax_now                                 78
  11-12-2023 21:28:47:628:175                      dronePositionY                                 15
  11-12-2023 21:28:47:628:287                      dronePositionX                                 20
  11-12-2023 21:28:47:732:329                          user input                                 -1
  11-12-2023 21:28:47:732:475               passed input to drone                                 -
  11-12-2023 21:28:47:732:612         passed window size to drone                                 -
  11-12-2023 21:28:47:732:706                            yMax_now                                 53
  11-12-2023 21:28:47:732:812                            xMax_now                                 78
  11-12-2023 21:28:47:736:871                      dronePositionY                                 15
  11-12-2023 21:28:47:736:988                      dronePositionX                                 20
  11-12-2023 21:28:47:817:973                          user input                                 -1
   11-12-2023 21:28:47:847:86               passed input to drone                                 -
  11-12-2023 21:28:47:847:258         passed window size to drone                                 -
  11-12-2023 21:28:47:847:370                            yMax_now                                 53
  11-12-2023 21:28:47:847:474                            xMax_now                                 78
  11-12-2023 21:28:47:851:421                      dronePositionY                                 15
  11-12-2023 21:28:47:851:537                      dronePositionX                                 20
  11-12-2023 21:28:47:955:846                          user input                                 -1
  11-12-2023 21:28:47:955:993               passed input to drone                                 -
  11-12-2023 21:28:47:956:133         passed window size to drone                                 -
  11-12-2023 21:28:47:956:227                            yMax_now                                 53
  11-12-2023 21:28:47:956:366                            xMax_now                                 78
  11-12-2023 21:28:47:960:384                      dronePositionY                                 15
  11-12-2023 21:28:47:960:507                      dronePositionX                                 21
   11-12-2023 21:28:48:61:863                          user input                                 -1
     11-12-2023 21:28:48:62:6               passed input to drone                                 -
   11-12-2023 21:28:48:62:146         passed window size to drone                                 -
   11-12-2023 21:28:48:62:219                            yMax_now                                 53
   11-12-2023 21:28:48:62:288                            xMax_now                                 78
   11-12-2023 21:28:48:64:362                      dronePositionY                                 15
   11-12-2023 21:28:48:64:437                      dronePositionX                                 21
  11-12-2023 21:28:48:119:753                          user input                                 -1
  11-12-2023 21:28:48:119:881               passed input to drone                                 -
   11-12-2023 21:28:48:120:15         passed window size to drone                                 -
   11-12-2023 21:28:48:120:86                            yMax_now                                 53
  11-12-2023 21:28:48:120:155                            xMax_now                                 78
  11-12-2023 21:28:48:122:280                      dronePositionY                                 15
  11-12-2023 21:28:48:122:364                      dronePositionX                                 21
  11-12-2023 21:28:48:224:864                          user input                                 -1
    11-12-2023 21:28:48:225:8               passed input to drone                                 -
  11-12-2023 21:28:48:225:149         passed window size to drone                                 -
  11-12-2023 21:28:48:225:224                            yMax_now                                 53
  11-12-2023 21:28:48:225:299                            xMax_now                                 78
  11-12-2023 21:28:48:227:582                      dronePositionY                                 15
  11-12-2023 21:28:48:227:672                      dronePositionX                                 21
   11-12-2023 21:28:48:330:67                          user input                                 -1
  11-12-2023 21:28:48:330:203               passed input to drone                                 -
  11-12-2023 21:28:48:330:327         passed window size to drone                                 -
  11-12-2023 21:28:48:330:408                            yMax_now                                 53
  11-12-2023 21:28:48:330:502                            xMax_now                                 78
  11-12-2023 21:28:48:333:999                      dronePositionY                                 15
  11-12-2023 21:28:48:334:101                      dronePositionX                                 22
  11-12-2023 21:28:48:421:908                          user input                                 -1
   11-12-2023 21:28:48:422:37               passed input to drone                                 -
  11-12-2023 21:28:48:422:176         passed window size to drone                                 -
  11-12-2023 21:28:48:422:248                            yMax_now                                 53
  11-12-2023 21:28:48:422:317                            xMax_now                                 78
  11-12-2023 21:28:48:424:399                      dronePositionY                                 15
  11-12-2023 21:28:48:424:471                      dronePositionX                                 22
  11-12-2023 21:28:48:527:242                          user input                                 -1
  11-12-2023 21:28:48:527:376               passed input to drone                                 -
  11-12-2023 21:28:48:527:507         passed window size to drone                                 -
  11-12-2023 21:28:48:527:600                            yMax_now                                 53
  11-12-2023 21:28:48:527:664                            xMax_now                                 78
  11-12-2023 21:28:48:529:513                      dronePositionY                                 15
  11-12-2023 21:28:48:529:580                      dronePositionX                                 22
  11-12-2023 21:28:48:631:953                          user input                                 -1
   11-12-2023 21:28:48:632:97               passed input to drone                                 -
  11-12-2023 21:28:48:632:237         passed window size to drone                                 -
  11-12-2023 21:28:48:632:311                            yMax_now                                 53
  11-12-2023 21:28:48:632:379                            xMax_now                                 78
  11-12-2023 21:28:48:634:507                      dronePositionY                                 15
  11-12-2023 21:28:48:634:607                      dronePositionX                                 22
   11-12-2023 21:28:48:724:46                          user input                                 -1
  11-12-2023 21:28:48:724:174               passed input to drone                                 -
  11-12-2023 21:28:48:724:309         passed window size to drone                                 -
  11-12-2023 21:28:48:724:382                            yMax_now                                 53
  11-12-2023 21:28:48:724:450                            xMax_now                                 78
  11-12-2023 21:28:48:726:582                      dronePositionY                                 15
  11-12-2023 21:28:48:726:663                      dronePositionX                                 22
  11-12-2023 21:28:48:753:786                          user input                                115
  11-12-2023 21:28:48:753:831               passed input to drone                                 -
  11-12-2023 21:28:48:753:872         passed window size to drone                                 -
  11-12-2023 21:28:48:753:891                            yMax_now                                 53
  11-12-2023 21:28:48:753:909                            xMax_now                                 78
  11-12-2023 21:28:48:754:479                      dronePositionY                                 15
  11-12-2023 21:28:48:754:499                      dronePositionX                                 22
  11-12-2023 21:28:48:855:648                          user input                                 -1
  11-12-2023 21:28:48:855:797               passed input to drone                                 -
  11-12-2023 21:28:48:855:937         passed window size to drone                                 -
   11-12-2023 21:28:48:856:12                            yMax_now                                 53
   11-12-2023 21:28:48:856:87                            xMax_now                                 78
  11-12-2023 21:28:48:858:227                      dronePositionY                                 15
  11-12-2023 21:28:48:858:307                      dronePositionX                                 23
   11-12-2023 21:28:48:961:11                          user input                                 -1
  11-12-2023 21:28:48:961:159               passed input to drone                                 -
  11-12-2023 21:28:48:961:298         passed window size to drone                                 -
  11-12-2023 21:28:48:961:371                            yMax_now                                 53
  11-12-2023 21:28:48:961:440                            xMax_now                                 78
  11-12-2023 21:28:48:963:574                      dronePositionY                                 15
  11-12-2023 21:28:48:963:655                      dronePositionX                                 23
   11-12-2023 21:28:49:25:879                          user input                                 -1
   11-12-2023 21:28:49:25:921               passed input to drone                                 -
   11-12-2023 21:28:49:25:981         passed window size to drone                                 -
     11-12-2023 21:28:49:26:3                            yMax_now                                 53
    11-12-2023 21:28:49:26:24                            xMax_now                                 78
   11-12-2023 21:28:49:26:715                      dronePositionY                                 15
   11-12-2023 21:28:49:26:741                      dronePositionX                                 23
  11-12-2023 21:28:49:127:838                          user input                                 -1
  11-12-2023 21:28:49:127:984               passed input to drone                                 -
  11-12-2023 21:28:49:128:122         passed window size to drone                                 -
  11-12-2023 21:28:49:128:197                            yMax_now                                 53
  11-12-2023 21:28:49:128:266                            xMax_now                                 78
  11-12-2023 21:28:49:130:404                      dronePositionY                                 15
  11-12-2023 21:28:49:130:487                      dronePositionX                                 23
  11-12-2023 21:28:49:232:922                          user input                                 -1
   11-12-2023 21:28:49:233:65               passed input to drone                                 -
  11-12-2023 21:28:49:233:203         passed window size to drone                                 -
  11-12-2023 21:28:49:233:276                            yMax_now                                 53
  11-12-2023 21:28:49:233:345                            xMax_now                                 78
  11-12-2023 21:28:49:235:477                      dronePositionY                                 15
  11-12-2023 21:28:49:235:560                      dronePositionX                                 23
  11-12-2023 21:28:49:327:792                          user input                                 -1
  11-12-2023 21:28:49:327:920               passed input to drone                                 -
   11-12-2023 21:28:49:328:56         passed window size to drone                                 -
  11-12-2023 21:28:49:328:130                            yMax_now                                 53
  11-12-2023 21:28:49:328:201                            xMax_now                                 78
  11-12-2023 21:28:49:330:322                      dronePositionY                                 15
  11-12-2023 21:28:49:330:404                      dronePositionX                                 23
  11-12-2023 21:28:49:432:871                          user input                                 -1
   11-12-2023 21:28:49:433:16               passed input to drone                                 -
  11-12-2023 21:28:49:433:158         passed window size to drone                                 -
  11-12-2023 21:28:49:433:231                            yMax_now                                 53
  11-12-2023 21:28:49:433:299                            xMax_now                                 78
  11-12-2023 21:28:49:435:442                      dronePositionY                                 15
  11-12-2023 21:28:49:435:528                      dronePositionX                                 23
  11-12-2023 21:28:49:537:799                          user input                                 -1
  11-12-2023 21:28:49:537:942               passed input to drone                                 -
   11-12-2023 21:28:49:538:79         passed window size to drone                                 -
  11-12-2023 21:28:49:538:156                            yMax_now                                 53
  11-12-2023 21:28:49:538:225                            xMax_now                                 78
  11-12-2023 21:28:49:540:294                      dronePositionY                                 15
  11-12-2023 21:28:49:540:369                      dronePositionX                                 24
  11-12-2023 21:28:49:629:700                          user input                                 -1
  11-12-2023 21:28:49:629:865               passed input to drone                                 -
   11-12-2023 21:28:49:630:62         passed window size to drone                                 -
  11-12-2023 21:28:49:630:143                            yMax_now                                 53
  11-12-2023 21:28:49:630:235                            xMax_now                                 78
  11-12-2023 21:28:49:632:515                      dronePositionY                                 15
  11-12-2023 21:28:49:632:596                      dronePositionX                                 24
  11-12-2023 21:28:49:735:138                          user input                                 -1
  11-12-2023 21:28:49:735:283               passed input to drone                                 -
  11-12-2023 21:28:49:735:449         passed window size to drone                                 -
  11-12-2023 21:28:49:735:562                            yMax_now                                 53
  11-12-2023 21:28:49:735:682                            xMax_now                                 78
  11-12-2023 21:28:49:737:899                      dronePositionY                                 15
  11-12-2023 21:28:49:737:985                      dronePositionX                                 24
  11-12-2023 21:28:49:840:276                          user input                                 -1
  11-12-2023 21:28:49:840:470               passed input to drone                                 -
  11-12-2023 21:28:49:840:620         passed window size to drone                                 -
  11-12-2023 21:28:49:840:693                            yMax_now                                 53
  11-12-2023 21:28:49:840:762                            xMax_now                                 78
  11-12-2023 21:28:49:842:874                      dronePositionY                                 15
  11-12-2023 21:28:49:842:957                      dronePositionX                                 24
  11-12-2023 21:28:49:931:869                          user input                                 -1
   11-12-2023 21:28:49:932:36               passed input to drone                                 -
  11-12-2023 21:28:49:932:218         passed window size to drone                                 -
  11-12-2023 21:28:49:932:332                            yMax_now                                 53
  11-12-2023 21:28:49:932:442                            xMax_now                                 78
  11-12-2023 21:28:49:934:714                      dronePositionY                                 15
  11-12-2023 21:28:49:934:800                      dronePositionX                                 24
   11-12-2023 21:28:50:37:573                          user input                                 -1
   11-12-2023 21:28:50:37:765               passed input to drone                                 -
   11-12-2023 21:28:50:37:951         passed window size to drone                                 -
    11-12-2023 21:28:50:38:65                            yMax_now                                 53
   11-12-2023 21:28:50:38:160                            xMax_now                                 78
   11-12-2023 21:28:50:40:294                      dronePositionY                                 15
   11-12-2023 21:28:50:40:375                      dronePositionX                                 24
  11-12-2023 21:28:50:142:810                          user input                                 -1
  11-12-2023 21:28:50:142:958               passed input to drone                                 -
  11-12-2023 21:28:50:143:116         passed window size to drone                                 -
  11-12-2023 21:28:50:143:224                            yMax_now                                 53
  11-12-2023 21:28:50:143:317                            xMax_now                                 78
  11-12-2023 21:28:50:145:465                      dronePositionY                                 15
  11-12-2023 21:28:50:145:571                      dronePositionX                                 24
   11-12-2023 21:28:50:234:30                          user input                                 -1
  11-12-2023 21:28:50:234:182               passed input to drone                                 -
  11-12-2023 21:28:50:234:369         passed window size to drone                                 -
  11-12-2023 21:28:50:234:485                            yMax_now                                 53
  11-12-2023 21:28:50:234:607                            xMax_now                                 78
  11-12-2023 21:28:50:236:867                      dronePositionY                                 15
  11-12-2023 21:28:50:236:946                      dronePositionX                                 24
  11-12-2023 21:28:50:339:565                          user input                                 -1
  11-12-2023 21:28:50:339:712               passed input to drone                                 -
  11-12-2023 21:28:50:339:884         passed window size to drone                                 -
  11-12-2023 21:28:50:339:993                            yMax_now                                 53
   11-12-2023 21:28:50:340:81                            xMax_now                                 78
  11-12-2023 21:28:50:342:258                      dronePositionY                                 15
  11-12-2023 21:28:50:342:344                      dronePositionX                                 24
  11-12-2023 21:28:50:444:888                          user input                                 -1
   11-12-2023 21:28:50:445:32               passed input to drone                                 -
  11-12-2023 21:28:50:445:168         passed window size to drone                                 -
  11-12-2023 21:28:50:445:242                            yMax_now                                 53
  11-12-2023 21:28:50:445:311                            xMax_now                                 78
  11-12-2023 21:28:50:447:471                      dronePositionY                                 15
  11-12-2023 21:28:50:447:556                      dronePositionX                                 24
  11-12-2023 21:28:50:535:664                          user input                                 -1
  11-12-2023 21:28:50:535:763               passed input to drone                                 -
  11-12-2023 21:28:50:535:892         passed window size to drone                                 -
  11-12-2023 21:28:50:535:996                            yMax_now                                 53
   11-12-2023 21:28:50:536:68                            xMax_now                                 78
  11-12-2023 21:28:50:538:478                      dronePositionY                                 15
  11-12-2023 21:28:50:538:562                      dronePositionX                                 24
  11-12-2023 21:28:50:641:388                          user input                                 -1
  11-12-2023 21:28:50:641:498               passed input to drone                                 -
  11-12-2023 21:28:50:641:623         passed window size to drone                                 -
  11-12-2023 21:28:50:641:721                            yMax_now                                 53
  11-12-2023 21:28:50:641:789                            xMax_now                                 78
  11-12-2023 21:28:50:643:740                      dronePositionY                                 15
  11-12-2023 21:28:50:643:816                      dronePositionX                                 24
   11-12-2023 21:28:50:746:60                          user input                                 -1
  11-12-2023 21:28:50:746:178               passed input to drone                                 -
  11-12-2023 21:28:50:746:291         passed window size to drone                                 -
  11-12-2023 21:28:50:746:349                            yMax_now                                 53
  11-12-2023 21:28:50:746:402                            xMax_now                                 78
  11-12-2023 21:28:50:748:217                      dronePositionY                                 15
  11-12-2023 21:28:50:748:298                      dronePositionX                                 24
  11-12-2023 21:28:50:837:712                          user input                                 -1
  11-12-2023 21:28:50:837:854               passed input to drone                                 -
  11-12-2023 21:28:50:837:992         passed window size to drone                                 -
   11-12-2023 21:28:50:838:63                            yMax_now                                 53
  11-12-2023 21:28:50:838:131                            xMax_now                                 78
  11-12-2023 21:28:50:840:209                      dronePositionY                                 15
  11-12-2023 21:28:50:840:281                      dronePositionX                                 24
  11-12-2023 21:28:50:942:606                          user input                                 -1
  11-12-2023 21:28:50:942:745               passed input to drone                                 -
  11-12-2023 21:28:50:942:880         passed window size to drone                                 -
  11-12-2023 21:28:50:942:954                            yMax_now                                 53
   11-12-2023 21:28:50:943:21                            xMax_now                                 78
  11-12-2023 21:28:50:945:114                      dronePositionY                                 15
  11-12-2023 21:28:50:945:189                      dronePositionX                                 24
   11-12-2023 21:28:51:47:488                          user input                                 -1
   11-12-2023 21:28:51:47:621               passed input to drone                                 -
   11-12-2023 21:28:51:47:750         passed window size to drone                                 -
   11-12-2023 21:28:51:47:820                            yMax_now                                 53
   11-12-2023 21:28:51:47:884                            xMax_now                                 78
   11-12-2023 21:28:51:49:793                      dronePositionY                                 15
   11-12-2023 21:28:51:49:866                      dronePositionX                                 24
  11-12-2023 21:28:51:139:324                          user input                                 -1
  11-12-2023 21:28:51:139:445               passed input to drone                                 -
  11-12-2023 21:28:51:139:580         passed window size to drone                                 -
  11-12-2023 21:28:51:139:656                            yMax_now                                 53
  11-12-2023 21:28:51:139:723                            xMax_now                                 78
  11-12-2023 21:28:51:142:223                      dronePositionY                                 15
  11-12-2023 21:28:51:142:338                      dronePositionX                                 24
  11-12-2023 21:28:51:244:799                          user input                                 -1
  11-12-2023 21:28:51:244:911               passed input to drone                                 -
   11-12-2023 21:28:51:245:32         passed window size to drone                                 -
   11-12-2023 21:28:51:245:94                            yMax_now                                 53
  11-12-2023 21:28:51:245:154                            xMax_now                                 78
  11-12-2023 21:28:51:248:233                      dronePositionY                                 15
  11-12-2023 21:28:51:248:321                      dronePositionX                                 24
  11-12-2023 21:28:51:352:539                          user input                                 -1
  11-12-2023 21:28:51:352:652               passed input to drone                                 -
  11-12-2023 21:28:51:352:776         passed window size to drone                                 -
  11-12-2023 21:28:51:352:863                            yMax_now                                 53
  11-12-2023 21:28:51:352:923                            xMax_now                                 78
  11-12-2023 21:28:51:354:959                      dronePositionY                                 15
   11-12-2023 21:28:51:355:38                      dronePositionX                                 24
  11-12-2023 21:28:51:441:128                          user input                                 -1
  11-12-2023 21:28:51:441:240               passed input to drone                                 -
  11-12-2023 21:28:51:441:359         passed window size to drone                                 -
  11-12-2023 21:28:51:441:429                            yMax_now                                 53
  11-12-2023 21:28:51:441:527                            xMax_now                                 78
  11-12-2023 21:28:51:443:853                      dronePositionY                                 15
  11-12-2023 21:28:51:443:932                      dronePositionX                                 24
   11-12-2023 21:28:51:546:22                          user input                                 -1
  11-12-2023 21:28:51:546:143               passed input to drone                                 -
  11-12-2023 21:28:51:546:276         passed window size to drone                                 -
  11-12-2023 21:28:51:546:346                            yMax_now                                 53
  11-12-2023 21:28:51:546:413                            xMax_now                                 78
  11-12-2023 21:28:51:548:529                      dronePositionY                                 15
  11-12-2023 21:28:51:548:600                      dronePositionX                                 25
  11-12-2023 21:28:51:650:841                          user input                                 -1
  11-12-2023 21:28:51:650:963               passed input to drone                                 -
  11-12-2023 21:28:51:651:108         passed window size to drone                                 -
  11-12-2023 21:28:51:651:188                            yMax_now                                 53
  11-12-2023 21:28:51:651:253                            xMax_now                                 78
  11-12-2023 21:28:51:655:867                      dronePositionY                                 15
  11-12-2023 21:28:51:655:953                      dronePositionX                                 25
  11-12-2023 21:28:51:742:871                          user input                                 -1
  11-12-2023 21:28:51:742:997               passed input to drone                                 -
  11-12-2023 21:28:51:743:129         passed window size to drone                                 -
  11-12-2023 21:28:51:743:201                            yMax_now                                 53
  11-12-2023 21:28:51:743:271                            xMax_now                                 78
  11-12-2023 21:28:51:745:340                      dronePositionY                                 15
  11-12-2023 21:28:51:745:414                      dronePositionX                                 25
  11-12-2023 21:28:51:848:743                          user input                                 -1
  11-12-2023 21:28:51:848:882               passed input to drone                                 -
   11-12-2023 21:28:51:849:33         passed window size to drone                                 -
  11-12-2023 21:28:51:849:128                            yMax_now                                 53
  11-12-2023 21:28:51:849:198                            xMax_now                                 78
  11-12-2023 21:28:51:854:295                      dronePositionY                                 15
  11-12-2023 21:28:51:854:389                      dronePositionX                                 25
  11-12-2023 21:28:51:959:871                          user input                                 -1
   11-12-2023 21:28:51:960:15               passed input to drone                                 -
  11-12-2023 21:28:51:960:198         passed window size to drone                                 -
  11-12-2023 21:28:51:960:288                            yMax_now                                 53
  11-12-2023 21:28:51:960:357                            xMax_now                                 78
  11-12-2023 21:28:51:965:428                      dronePositionY                                 15
  11-12-2023 21:28:51:965:521                      dronePositionX                                 25
   11-12-2023 21:28:52:44:762                          user input                                 -1
   11-12-2023 21:28:52:44:886               passed input to drone                                 -
    11-12-2023 21:28:52:45:35         passed window size to drone                                 -
   11-12-2023 21:28:52:45:123                            yMax_now                                 53
   11-12-2023 21:28:52:45:195                            xMax_now                                 78
   11-12-2023 21:28:52:50:338                      dronePositionY                                 15
   11-12-2023 21:28:52:50:430                      dronePositionX                                 25
  11-12-2023 21:28:52:155:600                          user input                                 -1
  11-12-2023 21:28:52:155:668               passed input to drone                                 -
  11-12-2023 21:28:52:155:735         passed window size to drone                                 -
  11-12-2023 21:28:52:155:782                            yMax_now                                 53
  11-12-2023 21:28:52:155:830                            xMax_now                                 78
  11-12-2023 21:28:52:156:870                      dronePositionY                                 15
  11-12-2023 21:28:52:156:922                      dronePositionX                                 25
  11-12-2023 21:28:52:258:265                          user input                                 -1
  11-12-2023 21:28:52:258:400               passed input to drone                                 -
  11-12-2023 21:28:52:258:559         passed window size to drone                                 -
  11-12-2023 21:28:52:258:661                            yMax_now                                 53
  11-12-2023 21:28:52:258:756                            xMax_now                                 78
  11-12-2023 21:28:52:260:700                      dronePositionY                                 15
  11-12-2023 21:28:52:260:778                      dronePositionX                                 25
  11-12-2023 21:28:52:346:444                          user input                                 -1
  11-12-2023 21:28:52:346:570               passed input to drone                                 -
  11-12-2023 21:28:52:346:732         passed window size to drone                                 -
  11-12-2023 21:28:52:346:841                            yMax_now                                 53
  11-12-2023 21:28:52:346:930                            xMax_now                                 78
  11-12-2023 21:28:52:349:197                      dronePositionY                                 15
  11-12-2023 21:28:52:349:279                      dronePositionX                                 25
