                     DATE/TIME                   MESSAGE/VARIABLE                               DATA
  09-12-2023 05:47:18:795:104               Created serverpidfifo                                 -
    09-12-2023 05:47:19:6:655                Opened serverpidfifo                                 -
    09-12-2023 05:47:19:6:722                sent pid to watchdog                                 -
    09-12-2023 05:47:19:6:770                 Opened sem_watchdog                                 -
    09-12-2023 05:47:19:6:814                 Opened shm_watchdog                                 -
   09-12-2023 05:47:19:439:22               received watchdog pid                                 -
   09-12-2023 05:47:19:439:70                        watchdog_pid                             177984
  09-12-2023 05:47:19:439:124                  Created sem_window                                 -
  09-12-2023 05:47:19:439:165                  Created shm_window                                 -
  09-12-2023 05:47:19:439:233                   Created sem_drone                                 -
  09-12-2023 05:47:19:439:273                   Created shm_drone                                 -
  09-12-2023 05:47:19:539:476            Server performed 1 cycle                                 -
  09-12-2023 05:47:19:639:788            Server performed 1 cycle                                 -
   09-12-2023 05:47:19:740:13            Server performed 1 cycle                                 -
  09-12-2023 05:47:19:840:291            Server performed 1 cycle                                 -
  09-12-2023 05:47:19:940:544            Server performed 1 cycle                                 -
   09-12-2023 05:47:20:40:835            Server performed 1 cycle                                 -
  09-12-2023 05:47:20:141:118            Server performed 1 cycle                                 -
  09-12-2023 05:47:20:241:406            Server performed 1 cycle                                 -
  09-12-2023 05:47:20:341:717            Server performed 1 cycle                                 -
  09-12-2023 05:47:20:442:417            Server performed 1 cycle                                 -
  09-12-2023 05:47:20:542:692            Server performed 1 cycle                                 -
  09-12-2023 05:47:20:643:211            Server performed 1 cycle                                 -
  09-12-2023 05:47:20:743:503            Server performed 1 cycle                                 -
  09-12-2023 05:47:20:843:724            Server performed 1 cycle                                 -
  09-12-2023 05:47:20:943:971            Server performed 1 cycle                                 -
   09-12-2023 05:47:21:44:194            Server performed 1 cycle                                 -
  09-12-2023 05:47:21:144:852            Server performed 1 cycle                                 -
  09-12-2023 05:47:21:245:423            Server performed 1 cycle                                 -
    09-12-2023 05:47:21:346:7            Server performed 1 cycle                                 -
  09-12-2023 05:47:21:446:713            Server performed 1 cycle                                 -
  09-12-2023 05:47:21:547:380            Server performed 1 cycle                                 -
  09-12-2023 05:47:21:647:851            Server performed 1 cycle                                 -
  09-12-2023 05:47:21:748:662            Server performed 1 cycle                                 -
  09-12-2023 05:47:21:849:213            Server performed 1 cycle                                 -
  09-12-2023 05:47:21:949:843            Server performed 1 cycle                                 -
   09-12-2023 05:47:22:50:224            Server performed 1 cycle                                 -
  09-12-2023 05:47:22:150:930            Server performed 1 cycle                                 -
  09-12-2023 05:47:22:251:643            Server performed 1 cycle                                 -
  09-12-2023 05:47:22:351:937            Server performed 1 cycle                                 -
  09-12-2023 05:47:22:439:550            Server performed 1 cycle                                 -
  09-12-2023 05:47:22:539:796            Server performed 1 cycle                                 -
   09-12-2023 05:47:22:640:72            Server performed 1 cycle                                 -
  09-12-2023 05:47:22:740:375            Server performed 1 cycle                                 -
  09-12-2023 05:47:22:740:849            Server performed 1 cycle                                 -
   09-12-2023 05:47:22:841:95            Server performed 1 cycle                                 -
  09-12-2023 05:47:22:941:291            Server performed 1 cycle                                 -
   09-12-2023 05:47:23:41:732            Server performed 1 cycle                                 -
   09-12-2023 05:47:23:42:205            Server performed 1 cycle                                 -
  09-12-2023 05:47:23:142:748            Server performed 1 cycle                                 -
  09-12-2023 05:47:23:243:389            Server performed 1 cycle                                 -
  09-12-2023 05:47:23:343:736            Server performed 1 cycle                                 -
  09-12-2023 05:47:23:344:353            Server performed 1 cycle                                 -
  09-12-2023 05:47:23:444:826            Server performed 1 cycle                                 -
  09-12-2023 05:47:23:545:126            Server performed 1 cycle                                 -
  09-12-2023 05:47:23:645:704            Server performed 1 cycle                                 -
  09-12-2023 05:47:23:646:380            Server performed 1 cycle                                 -
  09-12-2023 05:47:23:746:852            Server performed 1 cycle                                 -
  09-12-2023 05:47:23:847:300            Server performed 1 cycle                                 -
  09-12-2023 05:47:23:947:598            Server performed 1 cycle                                 -
  09-12-2023 05:47:23:948:359            Server performed 1 cycle                                 -
   09-12-2023 05:47:24:48:789            Server performed 1 cycle                                 -
  09-12-2023 05:47:24:149:387            Server performed 1 cycle                                 -
   09-12-2023 05:47:24:250:75            Server performed 1 cycle                                 -
  09-12-2023 05:47:24:250:423            Server performed 1 cycle                                 -
  09-12-2023 05:47:24:351:125            Server performed 1 cycle                                 -
  09-12-2023 05:47:24:451:744            Server performed 1 cycle                                 -
  09-12-2023 05:47:24:552:268            Server performed 1 cycle                                 -
  09-12-2023 05:47:24:552:816            Server performed 1 cycle                                 -
  09-12-2023 05:47:24:653:610            Server performed 1 cycle                                 -
  09-12-2023 05:47:24:754:412            Server performed 1 cycle                                 -
  09-12-2023 05:47:24:854:686            Server performed 1 cycle                                 -
  09-12-2023 05:47:24:855:397            Server performed 1 cycle                                 -
  09-12-2023 05:47:24:955:740            Server performed 1 cycle                                 -
   09-12-2023 05:47:25:55:991            Server performed 1 cycle                                 -
  09-12-2023 05:47:25:156:206            Server performed 1 cycle                                 -
  09-12-2023 05:47:25:157:147            Server performed 1 cycle                                 -
  09-12-2023 05:47:25:257:333            Server performed 1 cycle                                 -
  09-12-2023 05:47:25:357:565            Server performed 1 cycle                                 -
  09-12-2023 05:47:25:457:925            Server performed 1 cycle                                 -
  09-12-2023 05:47:25:458:267            Server performed 1 cycle                                 -
  09-12-2023 05:47:25:558:498            Server performed 1 cycle                                 -
   09-12-2023 05:47:25:659:86            Server performed 1 cycle                                 -
  09-12-2023 05:47:25:759:838            Server performed 1 cycle                                 -
  09-12-2023 05:47:25:760:153            Server performed 1 cycle                                 -
  09-12-2023 05:47:25:860:399            Server performed 1 cycle                                 -
  09-12-2023 05:47:25:960:884            Server performed 1 cycle                                 -
   09-12-2023 05:47:26:61:685            Server performed 1 cycle                                 -
   09-12-2023 05:47:26:61:985            Server performed 1 cycle                                 -
  09-12-2023 05:47:26:162:690            Server performed 1 cycle                                 -
  09-12-2023 05:47:26:263:367            Server performed 1 cycle                                 -
  09-12-2023 05:47:26:364:161            Server performed 1 cycle                                 -
  09-12-2023 05:47:26:364:458            Server performed 1 cycle                                 -
  09-12-2023 05:47:26:464:674            Server performed 1 cycle                                 -
  09-12-2023 05:47:26:565:208            Server performed 1 cycle                                 -
  09-12-2023 05:47:26:665:903            Server performed 1 cycle                                 -
  09-12-2023 05:47:26:666:202            Server performed 1 cycle                                 -
  09-12-2023 05:47:26:766:790            Server performed 1 cycle                                 -
   09-12-2023 05:47:26:867:75            Server performed 1 cycle                                 -
  09-12-2023 05:47:26:967:693            Server performed 1 cycle                                 -
  09-12-2023 05:47:26:968:145            Server performed 1 cycle                                 -
   09-12-2023 05:47:27:68:531            Server performed 1 cycle                                 -
  09-12-2023 05:47:27:168:975            Server performed 1 cycle                                 -
  09-12-2023 05:47:27:269:528            Server performed 1 cycle                                 -
  09-12-2023 05:47:27:269:831            Server performed 1 cycle                                 -
  09-12-2023 05:47:27:370:461            Server performed 1 cycle                                 -
  09-12-2023 05:47:27:470:974            Server performed 1 cycle                                 -
  09-12-2023 05:47:27:571:394            Server performed 1 cycle                                 -
  09-12-2023 05:47:27:571:708            Server performed 1 cycle                                 -
  09-12-2023 05:47:27:671:978            Server performed 1 cycle                                 -
  09-12-2023 05:47:27:772:782            Server performed 1 cycle                                 -
  09-12-2023 05:47:27:873:396            Server performed 1 cycle                                 -
  09-12-2023 05:47:27:873:715            Server performed 1 cycle                                 -
  09-12-2023 05:47:27:973:988            Server performed 1 cycle                                 -
   09-12-2023 05:47:28:74:443            Server performed 1 cycle                                 -
  09-12-2023 05:47:28:175:167            Server performed 1 cycle                                 -
  09-12-2023 05:47:28:175:506            Server performed 1 cycle                                 -
  09-12-2023 05:47:28:276:216            Server performed 1 cycle                                 -
  09-12-2023 05:47:28:376:492            Server performed 1 cycle                                 -
  09-12-2023 05:47:28:477:213            Server performed 1 cycle                                 -
  09-12-2023 05:47:28:480:728            Server performed 1 cycle                                 -
  09-12-2023 05:47:28:581:155            Server performed 1 cycle                                 -
  09-12-2023 05:47:28:681:745            Server performed 1 cycle                                 -
  09-12-2023 05:47:28:683:132                    Received SIGTERM                                 -
  09-12-2023 05:47:28:683:331            Server performed 1 cycle                                 -
  09-12-2023 05:47:28:683:434         Closing all links and pipes                                 -
  09-12-2023 05:47:28:683:583                   Closed sem_window                                 -
  09-12-2023 05:47:28:683:698                 Unlinked sem_window                                 -
  09-12-2023 05:47:28:683:805                   Closed window_ptr                                 -
  09-12-2023 05:47:28:683:902                   Closed window_shm                                 -
   09-12-2023 05:47:28:684:16                    Closed sem_drone                                 -
  09-12-2023 05:47:28:684:114                  Unlinked sem_drone                                 -
  09-12-2023 05:47:28:684:217                    Closed drone_ptr                                 -
  09-12-2023 05:47:28:684:314                    Closed drone_shm                                 -
  09-12-2023 05:47:28:684:426                 Closed sem_watchdog                                 -
  09-12-2023 05:47:28:684:525               Unlinked sem_watchdog                                 -
  09-12-2023 05:47:28:684:635                 Closed watchdog_ptr                                 -
  09-12-2023 05:47:28:684:736                 Closed watchdog_shm                                 -
  09-12-2023 05:47:28:684:830                 Closed serverpid_fd                                 -
  09-12-2023 05:47:28:684:917                     Killing process                                 -
